<?xml version="1.0" encoding="UTF-8"?>
<testsuite name="pwcg.aar.phase6.tabulate.ui.AARAceLeavePanelEventTabulatorTest" tests="2" skipped="0" failures="0" errors="0" timestamp="2017-09-10T23:49:39" hostname="DigitalStorm-PC" time="0.001">
  <properties/>
  <testcase name="oneAceOnLeave" classname="pwcg.aar.phase6.tabulate.ui.AARAceLeavePanelEventTabulatorTest" time="0.001"/>
  <testcase name="noAcesOnLeave" classname="pwcg.aar.phase6.tabulate.ui.AARAceLeavePanelEventTabulatorTest" time="0.0"/>
  <system-out><![CDATA[]]></system-out>
  <system-err><![CDATA[]]></system-err>
</testsuite>
