<?xml version="1.0" encoding="UTF-8"?>
<testsuite name="pwcg.campaign.group.RoFAirfieldInEnemyTerritory" tests="3" skipped="0" failures="2" errors="0" timestamp="2017-11-24T16:49:45" hostname="DigitalStorm-PC" time="6.922">
  <properties/>
  <testcase name="airfieldCheckGaliciaTest" classname="pwcg.campaign.group.RoFAirfieldInEnemyTerritory" time="1.126"/>
  <testcase name="airfieldCheckChannelTest" classname="pwcg.campaign.group.RoFAirfieldInEnemyTerritory" time="2.805">
    <failure message="java.lang.AssertionError" type="java.lang.AssertionError">java.lang.AssertionError
	at pwcg.campaign.group.AirfieldInEnemyTerritory.findEnemy(AirfieldInEnemyTerritory.java:39)
	at pwcg.campaign.group.RoFAirfieldInEnemyTerritory.airfieldCheckChannelTest(RoFAirfieldInEnemyTerritory.java:45)
	at sun.reflect.NativeMethodAccessorImpl.invoke0(Native Method)
	at sun.reflect.NativeMethodAccessorImpl.invoke(NativeMethodAccessorImpl.java:62)
	at sun.reflect.DelegatingMethodAccessorImpl.invoke(DelegatingMethodAccessorImpl.java:43)
	at java.lang.reflect.Method.invoke(Method.java:498)
	at org.junit.runners.model.FrameworkMethod$1.runReflectiveCall(FrameworkMethod.java:50)
	at org.junit.internal.runners.model.ReflectiveCallable.run(ReflectiveCallable.java:12)
	at org.junit.runners.model.FrameworkMethod.invokeExplosively(FrameworkMethod.java:47)
	at org.junit.internal.runners.statements.InvokeMethod.evaluate(InvokeMethod.java:17)
	at org.junit.internal.runners.statements.RunBefores.evaluate(RunBefores.java:26)
	at org.junit.runners.ParentRunner.runLeaf(ParentRunner.java:325)
	at org.junit.runners.BlockJUnit4ClassRunner.runChild(BlockJUnit4ClassRunner.java:78)
	at org.junit.runners.BlockJUnit4ClassRunner.runChild(BlockJUnit4ClassRunner.java:57)
	at org.junit.runners.ParentRunner$3.run(ParentRunner.java:290)
	at org.junit.runners.ParentRunner$1.schedule(ParentRunner.java:71)
	at org.junit.runners.ParentRunner.runChildren(ParentRunner.java:288)
	at org.junit.runners.ParentRunner.access$000(ParentRunner.java:58)
	at org.junit.runners.ParentRunner$2.evaluate(ParentRunner.java:268)
	at org.junit.runners.ParentRunner.run(ParentRunner.java:363)
	at org.mockito.internal.runners.JUnit45AndHigherRunnerImpl.run(JUnit45AndHigherRunnerImpl.java:37)
	at org.mockito.runners.MockitoJUnitRunner.run(MockitoJUnitRunner.java:62)
	at org.gradle.api.internal.tasks.testing.junit.JUnitTestClassExecuter.runTestClass(JUnitTestClassExecuter.java:114)
	at org.gradle.api.internal.tasks.testing.junit.JUnitTestClassExecuter.execute(JUnitTestClassExecuter.java:57)
	at org.gradle.api.internal.tasks.testing.junit.JUnitTestClassProcessor.processTestClass(JUnitTestClassProcessor.java:66)
	at org.gradle.api.internal.tasks.testing.SuiteTestClassProcessor.processTestClass(SuiteTestClassProcessor.java:51)
	at sun.reflect.GeneratedMethodAccessor9.invoke(Unknown Source)
	at sun.reflect.DelegatingMethodAccessorImpl.invoke(DelegatingMethodAccessorImpl.java:43)
	at java.lang.reflect.Method.invoke(Method.java:498)
	at org.gradle.internal.dispatch.ReflectionDispatch.dispatch(ReflectionDispatch.java:35)
	at org.gradle.internal.dispatch.ReflectionDispatch.dispatch(ReflectionDispatch.java:24)
	at org.gradle.internal.dispatch.ContextClassLoaderDispatch.dispatch(ContextClassLoaderDispatch.java:32)
	at org.gradle.internal.dispatch.ProxyDispatchAdapter$DispatchingInvocationHandler.invoke(ProxyDispatchAdapter.java:93)
	at com.sun.proxy.$Proxy3.processTestClass(Unknown Source)
	at org.gradle.api.internal.tasks.testing.worker.TestWorker.processTestClass(TestWorker.java:109)
	at sun.reflect.GeneratedMethodAccessor8.invoke(Unknown Source)
	at sun.reflect.DelegatingMethodAccessorImpl.invoke(DelegatingMethodAccessorImpl.java:43)
	at java.lang.reflect.Method.invoke(Method.java:498)
	at org.gradle.internal.dispatch.ReflectionDispatch.dispatch(ReflectionDispatch.java:35)
	at org.gradle.internal.dispatch.ReflectionDispatch.dispatch(ReflectionDispatch.java:24)
	at org.gradle.internal.remote.internal.hub.MessageHub$Handler.run(MessageHub.java:377)
	at org.gradle.internal.concurrent.ExecutorPolicy$CatchAndRecordFailures.onExecute(ExecutorPolicy.java:54)
	at org.gradle.internal.concurrent.StoppableExecutorImpl$1.run(StoppableExecutorImpl.java:40)
	at java.util.concurrent.ThreadPoolExecutor.runWorker(ThreadPoolExecutor.java:1149)
	at java.util.concurrent.ThreadPoolExecutor$Worker.run(ThreadPoolExecutor.java:624)
	at java.lang.Thread.run(Thread.java:748)
</failure>
  </testcase>
  <testcase name="airfieldCheckFranceTest" classname="pwcg.campaign.group.RoFAirfieldInEnemyTerritory" time="2.988">
    <failure message="java.lang.AssertionError" type="java.lang.AssertionError">java.lang.AssertionError
	at pwcg.campaign.group.AirfieldInEnemyTerritory.findEnemy(AirfieldInEnemyTerritory.java:39)
	at pwcg.campaign.group.RoFAirfieldInEnemyTerritory.airfieldCheckFranceTest(RoFAirfieldInEnemyTerritory.java:35)
	at sun.reflect.NativeMethodAccessorImpl.invoke0(Native Method)
	at sun.reflect.NativeMethodAccessorImpl.invoke(NativeMethodAccessorImpl.java:62)
	at sun.reflect.DelegatingMethodAccessorImpl.invoke(DelegatingMethodAccessorImpl.java:43)
	at java.lang.reflect.Method.invoke(Method.java:498)
	at org.junit.runners.model.FrameworkMethod$1.runReflectiveCall(FrameworkMethod.java:50)
	at org.junit.internal.runners.model.ReflectiveCallable.run(ReflectiveCallable.java:12)
	at org.junit.runners.model.FrameworkMethod.invokeExplosively(FrameworkMethod.java:47)
	at org.junit.internal.runners.statements.InvokeMethod.evaluate(InvokeMethod.java:17)
	at org.junit.internal.runners.statements.RunBefores.evaluate(RunBefores.java:26)
	at org.junit.runners.ParentRunner.runLeaf(ParentRunner.java:325)
	at org.junit.runners.BlockJUnit4ClassRunner.runChild(BlockJUnit4ClassRunner.java:78)
	at org.junit.runners.BlockJUnit4ClassRunner.runChild(BlockJUnit4ClassRunner.java:57)
	at org.junit.runners.ParentRunner$3.run(ParentRunner.java:290)
	at org.junit.runners.ParentRunner$1.schedule(ParentRunner.java:71)
	at org.junit.runners.ParentRunner.runChildren(ParentRunner.java:288)
	at org.junit.runners.ParentRunner.access$000(ParentRunner.java:58)
	at org.junit.runners.ParentRunner$2.evaluate(ParentRunner.java:268)
	at org.junit.runners.ParentRunner.run(ParentRunner.java:363)
	at org.mockito.internal.runners.JUnit45AndHigherRunnerImpl.run(JUnit45AndHigherRunnerImpl.java:37)
	at org.mockito.runners.MockitoJUnitRunner.run(MockitoJUnitRunner.java:62)
	at org.gradle.api.internal.tasks.testing.junit.JUnitTestClassExecuter.runTestClass(JUnitTestClassExecuter.java:114)
	at org.gradle.api.internal.tasks.testing.junit.JUnitTestClassExecuter.execute(JUnitTestClassExecuter.java:57)
	at org.gradle.api.internal.tasks.testing.junit.JUnitTestClassProcessor.processTestClass(JUnitTestClassProcessor.java:66)
	at org.gradle.api.internal.tasks.testing.SuiteTestClassProcessor.processTestClass(SuiteTestClassProcessor.java:51)
	at sun.reflect.GeneratedMethodAccessor9.invoke(Unknown Source)
	at sun.reflect.DelegatingMethodAccessorImpl.invoke(DelegatingMethodAccessorImpl.java:43)
	at java.lang.reflect.Method.invoke(Method.java:498)
	at org.gradle.internal.dispatch.ReflectionDispatch.dispatch(ReflectionDispatch.java:35)
	at org.gradle.internal.dispatch.ReflectionDispatch.dispatch(ReflectionDispatch.java:24)
	at org.gradle.internal.dispatch.ContextClassLoaderDispatch.dispatch(ContextClassLoaderDispatch.java:32)
	at org.gradle.internal.dispatch.ProxyDispatchAdapter$DispatchingInvocationHandler.invoke(ProxyDispatchAdapter.java:93)
	at com.sun.proxy.$Proxy3.processTestClass(Unknown Source)
	at org.gradle.api.internal.tasks.testing.worker.TestWorker.processTestClass(TestWorker.java:109)
	at sun.reflect.GeneratedMethodAccessor8.invoke(Unknown Source)
	at sun.reflect.DelegatingMethodAccessorImpl.invoke(DelegatingMethodAccessorImpl.java:43)
	at java.lang.reflect.Method.invoke(Method.java:498)
	at org.gradle.internal.dispatch.ReflectionDispatch.dispatch(ReflectionDispatch.java:35)
	at org.gradle.internal.dispatch.ReflectionDispatch.dispatch(ReflectionDispatch.java:24)
	at org.gradle.internal.remote.internal.hub.MessageHub$Handler.run(MessageHub.java:377)
	at org.gradle.internal.concurrent.ExecutorPolicy$CatchAndRecordFailures.onExecute(ExecutorPolicy.java:54)
	at org.gradle.internal.concurrent.StoppableExecutorImpl$1.run(StoppableExecutorImpl.java:40)
	at java.util.concurrent.ThreadPoolExecutor.runWorker(ThreadPoolExecutor.java:1149)
	at java.util.concurrent.ThreadPoolExecutor$Worker.run(ThreadPoolExecutor.java:624)
	at java.lang.Thread.run(Thread.java:748)
</failure>
  </testcase>
  <system-out><![CDATA[Badly placed squadron Esc 90
   	field Chery-les-Pouilly,S
     map FRANCE_MAP
     date 1918-11-10
     side Germany
Badly placed squadron Jasta 32b
   	field Roucourt, Bohain
     map FRANCE_MAP
     date 1918-08-28
     side France
Badly placed squadron No 40 Squadron RFC
   	field La Targette
     map FRANCE_MAP
     date 1918-10-24
     side Germany
Badly placed squadron Jasta 3
   	field Neuflize
     map FRANCE_MAP
     date 1918-10-24
     side France
Badly placed squadron Jasta 19
   	field Falvy,Peronne
     map FRANCE_MAP
     date 1918-04-03
     side France
Badly placed squadron Jasta 37
   	field Velu
     map FRANCE_MAP
     date 1918-03-26
     side France
Badly placed squadron Jasta 34b
   	field Beugnatre
     map FRANCE_MAP
     date 1918-03-26
     side France
Badly placed squadron No 3 Squadron RNAS
   	field Le Hameau
     map FRANCE_MAP
     date 1918-10-04
     side Germany
Badly placed squadron Jasta 29
   	field Bersee,NW Douai
     map FRANCE_MAP
     date 1918-11-04
     side France
Badly placed squadron Jasta 12
   	field Phalempin,N Douai
     map FRANCE_MAP
     date 1917-11-26
     side France
Badly placed squadron No 40 Squadron RFC
   	field Savy Berlette
     map FRANCE_MAP
     date 1918-10-04
     side Germany
Badly placed squadron Jasta 22s
   	field Bonneuil Ferme
     map FRANCE_MAP
     date 1918-03-22
     side France
Badly placed squadron Esc 84
   	field Sivry
     map FRANCE_MAP
     date 1918-10-30
     side Germany
Badly placed squadron Esc 57
   	field Vadelaincourt
     map FRANCE_MAP
     date 1917-04-07
     side Germany
Badly placed squadron Jasta 10
   	field Phalempin,N Douai
     map FRANCE_MAP
     date 1916-10-27
     side France
Badly placed squadron Jasta 12
   	field Riencourt,Arras
     map FRANCE_MAP
     date 1917-11-05
     side France
Badly placed squadron Esc 227
   	field Bouvincourt
     map FRANCE_MAP
     date 1918-11-10
     side Germany
Badly placed squadron Jasta 29
   	field Douai
     map FRANCE_MAP
     date 1917-07-17
     side France
Badly placed squadron Jasta 22s
   	field Assevillers
     map FRANCE_MAP
     date 1918-03-25
     side France
Badly placed squadron Jasta 33
   	field Brayelles,Douai
     map FRANCE_MAP
     date 1917-09-18
     side France
Badly placed squadron FA 222
   	field Foucaucourt en Santerre
     map FRANCE_MAP
     date 1918-07-31
     side France
Badly placed squadron Esc 154
   	field Vouziers
     map FRANCE_MAP
     date 1918-11-10
     side Germany
Badly placed squadron Jasta 10
   	field Lomme,Lille
     map FRANCE_MAP
     date 1918-04-28
     side France
Badly placed squadron FA 222
   	field Lomme,Lille
     map FRANCE_MAP
     date 1917-04-05
     side France
Badly placed squadron No 84 Squadron RFC
   	field Bruay
     map FRANCE_MAP
     date 1918-10-04
     side Germany
Badly placed squadron Jasta 13
   	field Mesnil-Bruntel
     map FRANCE_MAP
     date 1918-02-02
     side France
Badly placed squadron FA 278s
   	field Neuflize
     map FRANCE_MAP
     date 1917-03-14
     side France
Badly placed squadron Jasta 14
   	field Phalempin,N Douai
     map FRANCE_MAP
     date 1918-09-24
     side France
Badly placed squadron Esc 105
   	field Lemmes
     map FRANCE_MAP
     date 1917-02-13
     side Germany
Badly placed squadron No 54 Squadron RFC
   	field La Targette
     map FRANCE_MAP
     date 1918-10-16
     side Germany
Badly placed squadron No 70 Squadron RFC
   	field Helesmes,N Denain
     map FRANCE_MAP
     date 1918-11-10
     side Germany
Badly placed squadron Jasta 33
   	field Lomme,Lille
     map FRANCE_MAP
     date 1918-04-23
     side France
Badly placed squadron Esc 3
   	field Froides
     map FRANCE_MAP
     date 1918-09-17
     side Germany
Badly placed squadron No 11 Squadron RFC
   	field Douai
     map FRANCE_MAP
     date 1918-11-09
     side Germany
Badly placed squadron FA 261
   	field Leffincourt,E Reims
     map FRANCE_MAP
     date 1918-09-24
     side France
Badly placed squadron Jasta 36
   	field Vivaise
     map FRANCE_MAP
     date 1918-07-31
     side France
Badly placed squadron Jasta 2
   	field Chambry,Laon
     map FRANCE_MAP
     date 1918-08-24
     side France
Badly placed squadron Jasta 3
   	field Hauvine
     map FRANCE_MAP
     date 1918-10-04
     side France
Badly placed squadron Jasta 30
   	field Fontaine Notre Dame
     map FRANCE_MAP
     date 1918-11-09
     side France
Badly placed squadron Jasta 36
   	field Clastres
     map FRANCE_MAP
     date 1917-03-01
     side France
Badly placed squadron Esc 70
   	field Toul
     map FRANCE_MAP
     date 1917-04-11
     side Germany
Badly placed squadron FA 222
   	field Chery-les-Pouilly,S
     map FRANCE_MAP
     date 1917-06-12
     side France
Badly placed squadron Esc 13
   	field Froides
     map FRANCE_MAP
     date 1918-06-08
     side Germany
Badly placed squadron Jasta 16b
   	field Lomme,Lille
     map FRANCE_MAP
     date 1918-04-28
     side France
Badly placed squadron Jasta 19
   	field Cappy S
     map FRANCE_MAP
     date 1918-07-12
     side France
Badly placed squadron Jasta 26
   	field Vivaise
     map FRANCE_MAP
     date 1918-07-30
     side France
Badly placed squadron No 2 Squadron AFC
   	field La Gorgue
     map FRANCE_MAP
     date 1918-10-14
     side Germany
Badly placed squadron Jasta 34b
   	field Houplin,S Lille
     map FRANCE_MAP
     date 1918-09-04
     side France
Badly placed squadron Esc 129
   	field Remicourt
     map FRANCE_MAP
     date 1918-07-04
     side Germany
Badly placed squadron Jasta 14
   	field Boncourt
     map FRANCE_MAP
     date 1918-01-05
     side France
Badly placed squadron Jasta 46
   	field Mesnil-Bruntel
     map FRANCE_MAP
     date 1918-10-24
     side France
Badly placed squadron Esc 227
   	field Malzeville
     map FRANCE_MAP
     date 1916-06-16
     side Germany
Badly placed squadron No 1 Squadron RFC
   	field Riencourt,Arras
     map FRANCE_MAP
     date 1918-10-05
     side Germany
Badly placed squadron Esc 100
   	field Froides
     map FRANCE_MAP
     date 1918-10-01
     side Germany
Badly placed squadron Jasta 23b
   	field Puisieux Ferme,Laon
     map FRANCE_MAP
     date 1917-07-19
     side France
Badly placed squadron No 85 Squadron RFC
   	field Savy Berlette
     map FRANCE_MAP
     date 1918-10-04
     side Germany
Badly placed squadron Esc 157
   	field Neuflize
     map FRANCE_MAP
     date 1918-11-10
     side Germany
Badly placed squadron 88th Aero
   	field Souilly
     map FRANCE_MAP
     date 1918-10-14
     side Germany
Badly placed squadron Jasta 33
   	field Riencourt,Arras
     map FRANCE_MAP
     date 1918-09-24
     side France
Badly placed squadron 1st Aero
   	field Senard en Argonne
     map FRANCE_MAP
     date 1918-10-14
     side Germany
Badly placed squadron Jasta 50
   	field Boncourt
     map FRANCE_MAP
     date 1918-09-24
     side France
Badly placed squadron 94th Aero
   	field Malzeville
     map FRANCE_MAP
     date 1918-06-01
     side Germany
Badly placed squadron No 3 Squadron RNAS
   	field Riencourt,Arras
     map FRANCE_MAP
     date 1918-10-24
     side Germany
Badly placed squadron Esc 100
   	field La Ferte Ferriere
     map FRANCE_MAP
     date 1918-11-10
     side Germany
Badly placed squadron Schlasta 2
   	field Ham Matigny
     map FRANCE_MAP
     date 1918-10-12
     side France
Badly placed squadron Schlasta 12
   	field Erre,Somain
     map FRANCE_MAP
     date 1918-11-04
     side France
Badly placed squadron No 20 Squadron RFC
   	field Bony
     map FRANCE_MAP
     date 1918-11-10
     side Germany
Badly placed squadron Jasta 19
   	field La Neuville
     map FRANCE_MAP
     date 1917-06-30
     side France
Badly placed squadron Jasta 21s
   	field La Selve
     map FRANCE_MAP
     date 1918-09-23
     side France
Badly placed squadron Jasta 46
   	field Lagnicourt
     map FRANCE_MAP
     date 1918-03-12
     side France
Badly placed squadron FA 276
   	field Erchin
     map FRANCE_MAP
     date 1918-09-11
     side France
Badly placed squadron Jasta 15
   	field Marchais
     map FRANCE_MAP
     date 1918-03-19
     side France
Badly placed squadron Esc 37
   	field Souilly
     map FRANCE_MAP
     date 1918-02-27
     side Germany
Badly placed squadron No 19 Squadron RFC
   	field Masny
     map FRANCE_MAP
     date 1918-11-10
     side Germany
Badly placed squadron Esc 57
   	field Charmois,S Stenay
     map FRANCE_MAP
     date 1918-11-10
     side Germany
Badly placed squadron 95th Aero
   	field Toul
     map FRANCE_MAP
     date 1918-06-27
     side Germany
Badly placed squadron Jasta 29
   	field Brayelles,Douai
     map FRANCE_MAP
     date 1917-12-13
     side France
Badly placed squadron Schlasta 23b
   	field La Petrie
     map FRANCE_MAP
     date 1918-03-16
     side France
Badly placed squadron Jasta 17
   	field Mesnil-Bruntel
     map FRANCE_MAP
     date 1918-03-25
     side France
Badly placed squadron No 8 Squadron RFC
   	field Le Hameau
     map FRANCE_MAP
     date 1918-10-14
     side Germany
Badly placed squadron Jasta 12
   	field Cappy S
     map FRANCE_MAP
     date 1918-07-12
     side France
Badly placed squadron Jasta 11
   	field Brayelles,Douai
     map FRANCE_MAP
     date 1917-04-12
     side France
Badly placed squadron No 8 Squadron RFC
   	field Mont St. Eloi
     map FRANCE_MAP
     date 1918-10-24
     side Germany
Badly placed squadron Jasta 66
   	field Boncourt
     map FRANCE_MAP
     date 1918-10-08
     side France
Badly placed squadron No 19 Squadron RFC
   	field Savy Berlette
     map FRANCE_MAP
     date 1918-10-04
     side Germany
Badly placed squadron Jasta 12
   	field Cappy N
     map FRANCE_MAP
     date 1918-04-13
     side France
Badly placed squadron Jasta 11
   	field Roucourt, Bohain
     map FRANCE_MAP
     date 1917-06-09
     side France
Badly placed squadron Jasta 34b
   	field Fontaine-Uterte
     map FRANCE_MAP
     date 1918-11-04
     side France
Badly placed squadron Jasta 13
   	field Pomacle
     map FRANCE_MAP
     date 1918-07-24
     side France
Badly placed squadron Jasta 18
   	field Brayelles,Douai
     map FRANCE_MAP
     date 1918-04-07
     side France
Badly placed squadron FA 216w
   	field Marle-Autremencourt
     map FRANCE_MAP
     date 1918-11-09
     side France
Badly placed squadron Jasta 10
   	field Leffincourt,E Reims
     map FRANCE_MAP
     date 1917-05-01
     side France
Badly placed squadron Esc 122
   	field Malzeville
     map FRANCE_MAP
     date 1918-01-20
     side Germany
Badly placed squadron Jasta 13
   	field Besny-et-Loisy
     map FRANCE_MAP
     date 1918-03-22
     side France
Badly placed squadron Esc 84
   	field Marle-Autremencourt
     map FRANCE_MAP
     date 1918-11-10
     side Germany
Badly placed squadron Jasta 12
   	field Chery-les-Pouilly,N
     map FRANCE_MAP
     date 1918-08-20
     side France
Badly placed squadron No 4 Squadron AFC
   	field La Gorgue
     map FRANCE_MAP
     date 1918-10-04
     side Germany
Badly placed squadron Esc 31
   	field Lemmes
     map FRANCE_MAP
     date 1917-01-29
     side Germany
Badly placed squadron Jasta 26
   	field La Petrie
     map FRANCE_MAP
     date 1918-03-12
     side France
Badly placed squadron Jasta 41
   	field La Selve
     map FRANCE_MAP
     date 1918-09-22
     side France
Badly placed squadron No 100 Squadron RFC
   	field Malzeville
     map FRANCE_MAP
     date 1918-11-10
     side Germany
Badly placed squadron Jasta 40s
   	field Douai
     map FRANCE_MAP
     date 1918-04-05
     side France
Badly placed squadron Esc 85
   	field Vadelaincourt
     map FRANCE_MAP
     date 1917-06-30
     side Germany
Badly placed squadron Jasta 41
   	field Phalempin,N Douai
     map FRANCE_MAP
     date 1918-07-23
     side France
Badly placed squadron 88th Aero
   	field Julvecourt
     map FRANCE_MAP
     date 1918-11-04
     side Germany
Badly placed squadron Esc 7
   	field Lemmes
     map FRANCE_MAP
     date 1916-07-30
     side Germany
Badly placed squadron Jasta 65
   	field Besny-et-Loisy
     map FRANCE_MAP
     date 1918-10-20
     side France
Badly placed squadron Schlasta 13
   	field Roucourt, Bohain
     map FRANCE_MAP
     date 1917-11-14
     side France
Badly placed squadron Esc 96
   	field Leffincourt,E Reims
     map FRANCE_MAP
     date 1918-11-10
     side Germany
Badly placed squadron Jasta 15
   	field Velu
     map FRANCE_MAP
     date 1918-02-12
     side France
Badly placed squadron Esc 66
   	field Froides
     map FRANCE_MAP
     date 1918-10-14
     side Germany
Badly placed squadron Jasta 37
   	field Foucaucourt en Santerre
     map FRANCE_MAP
     date 1918-05-19
     side France
Badly placed squadron FA 222
   	field Bonneuil Ferme
     map FRANCE_MAP
     date 1918-03-25
     side France
Badly placed squadron Schlasta 12
   	field Guesnain,Douai
     map FRANCE_MAP
     date 1917-08-09
     side France
Badly placed squadron Jasta 6
   	field Cachy-Bois I_Abbe
     map FRANCE_MAP
     date 1918-08-29
     side France
Badly placed squadron Esc 9
   	field Beauze sur Aire
     map FRANCE_MAP
     date 1917-07-29
     side Germany
Badly placed squadron Esc 26
   	field Froides
     map FRANCE_MAP
     date 1918-09-18
     side Germany
Badly placed squadron FA 216w
   	field Chambry,Laon
     map FRANCE_MAP
     date 1917-06-12
     side France
Badly placed squadron Jasta 27
   	field La Petrie
     map FRANCE_MAP
     date 1918-04-14
     side France
Badly placed squadron No 9 Squadron RNAS
   	field Le Hameau
     map FRANCE_MAP
     date 1918-10-04
     side Germany
Badly placed squadron No 22 Squadron RFC
   	field La Gorgue
     map FRANCE_MAP
     date 1918-10-24
     side Germany
Badly placed squadron Esc 103
   	field Froides
     map FRANCE_MAP
     date 1918-09-18
     side Germany
Badly placed squadron Jasta 2
   	field Vivaise
     map FRANCE_MAP
     date 1918-07-29
     side France
Badly placed squadron FA 222
   	field Mesnil le Petit
     map FRANCE_MAP
     date 1918-06-14
     side France
Badly placed squadron FA 16
   	field Autremencourt
     map FRANCE_MAP
     date 1918-11-09
     side France
Badly placed squadron Esc 89
   	field Leffincourt,E Reims
     map FRANCE_MAP
     date 1918-11-10
     side Germany
Badly placed squadron Schlasta 23b
   	field Ham
     map FRANCE_MAP
     date 1918-10-24
     side France
Badly placed squadron Schlasta 24b
   	field Clastres
     map FRANCE_MAP
     date 1917-01-31
     side France
Badly placed squadron Jasta 4
   	field Riencourt,Arras
     map FRANCE_MAP
     date 1918-03-25
     side France
Badly placed squadron No 10 Squadron RNAS
   	field Helesmes,N Denain
     map FRANCE_MAP
     date 1918-11-10
     side Germany
Badly placed squadron Schlasta 2
   	field Epinoy,NW Cambrai
     map FRANCE_MAP
     date 1918-07-20
     side France
Badly placed squadron Jasta 11
   	field Besny-et-Loisy
     map FRANCE_MAP
     date 1918-05-26
     side France
Badly placed squadron Jasta 5
   	field Assevillers
     map FRANCE_MAP
     date 1917-03-10
     side France
Badly placed squadron Jasta 15
   	field Clastres
     map FRANCE_MAP
     date 1918-03-25
     side France
Badly placed squadron 94th Aero
   	field Sivry
     map FRANCE_MAP
     date 1918-11-10
     side Germany
Badly placed squadron Esc 65
   	field Julvecourt
     map FRANCE_MAP
     date 1918-10-24
     side Germany
Badly placed squadron Jasta 19
   	field Besny-et-Loisy
     map FRANCE_MAP
     date 1918-03-23
     side France
Badly placed squadron Jasta 26
   	field Assevillers
     map FRANCE_MAP
     date 1917-06-07
     side France
Badly placed squadron Jasta 11
   	field Pronville,nr Queant
     map FRANCE_MAP
     date 1918-03-25
     side France
Badly placed squadron Jasta 3
   	field La Selve
     map FRANCE_MAP
     date 1918-11-04
     side France
Badly placed squadron Esc 81
   	field Malzeville
     map FRANCE_MAP
     date 1918-09-23
     side Germany
Badly placed squadron Jasta 34b
   	field Puisieux Ferme,Laon
     map FRANCE_MAP
     date 1917-11-21
     side France
Badly placed squadron No 4 Squadron AFC
   	field Lomme,Lille
     map FRANCE_MAP
     date 1918-10-19
     side Germany
Badly placed squadron 13th Aero
   	field Verdun
     map FRANCE_MAP
     date 1918-11-10
     side Germany
Badly placed squadron Jasta 15
   	field Chery-les-Pouilly,N
     map FRANCE_MAP
     date 1918-08-18
     side France
Badly placed squadron Jasta 57
   	field Velu
     map FRANCE_MAP
     date 1918-04-22
     side France
Badly placed squadron Jasta 16b
   	field Warfusee
     map FRANCE_MAP
     date 1918-04-12
     side France
Badly placed squadron Jasta 16b
   	field Ennemain,N Nesle
     map FRANCE_MAP
     date 1918-04-03
     side France
Badly placed squadron Jasta 3
   	field Toulis
     map FRANCE_MAP
     date 1918-11-09
     side France
Badly placed squadron Jasta 36
   	field La Petrie
     map FRANCE_MAP
     date 1917-07-02
     side France
Badly placed squadron Schlasta 23b
   	field Pont-a-Marcq
     map FRANCE_MAP
     date 1918-05-25
     side France
Badly placed squadron Esc 57
   	field Lemmes
     map FRANCE_MAP
     date 1916-11-24
     side Germany
Badly placed squadron FA 222
   	field Epinoy,NW Cambrai
     map FRANCE_MAP
     date 1917-08-24
     side France
Badly placed squadron Jasta 32b
   	field Emerchicourt,S Aniche
     map FRANCE_MAP
     date 1918-11-04
     side France
Badly placed squadron Esc 3
   	field Beauze sur Aire
     map FRANCE_MAP
     date 1918-03-06
     side Germany
Badly placed squadron Jasta 10
   	field La Neuville
     map FRANCE_MAP
     date 1917-11-20
     side France
Badly placed squadron Esc 95
   	field Malzeville
     map FRANCE_MAP
     date 1918-10-29
     side Germany
Badly placed squadron No 8 Squadron RNAS
   	field Epinoy,NW Cambrai
     map FRANCE_MAP
     date 1918-11-09
     side Germany
Badly placed squadron Jasta 37
   	field Champien
     map FRANCE_MAP
     date 1918-08-28
     side France
Badly placed squadron Esc 122
   	field Vadelaincourt
     map FRANCE_MAP
     date 1917-12-20
     side Germany
Badly placed squadron Jasta 17
   	field Douai
     map FRANCE_MAP
     date 1917-12-01
     side France
Badly placed squadron Esc 99
   	field St.Loup,Champagne
     map FRANCE_MAP
     date 1918-11-10
     side Germany
Badly placed squadron Esc 85
   	field Belrain
     map FRANCE_MAP
     date 1917-08-28
     side Germany
Badly placed squadron Esc 29
   	field Toul
     map FRANCE_MAP
     date 1916-12-04
     side Germany
Badly placed squadron Jasta 6
   	field Velu
     map FRANCE_MAP
     date 1918-04-02
     side France
Badly placed squadron Jasta 76b
   	field Cuirieux,Laon
     map FRANCE_MAP
     date 1918-11-09
     side France
Badly placed squadron Jasta 18
   	field Pont-a-Marcq
     map FRANCE_MAP
     date 1918-04-11
     side France
Badly placed squadron Jasta 57
   	field Roucourt, Bohain
     map FRANCE_MAP
     date 1918-09-24
     side France
Badly placed squadron Esc 70
   	field Mannoncourt en Vermois
     map FRANCE_MAP
     date 1918-01-18
     side Germany
Badly placed squadron Esc 73
   	field Brabant en Argonne
     map FRANCE_MAP
     date 1917-02-16
     side Germany
Badly placed squadron Jasta 21s
   	field Foreste
     map FRANCE_MAP
     date 1918-10-24
     side France
Badly placed squadron Esc 67
   	field Julvecourt
     map FRANCE_MAP
     date 1916-04-21
     side Germany
Badly placed squadron Jasta 14
   	field Marchais
     map FRANCE_MAP
     date 1917-11-05
     side France
Badly placed squadron Jasta 22s
   	field Chambry,Laon
     map FRANCE_MAP
     date 1918-03-19
     side France
Badly placed squadron Esc 124 Lafayette
   	field Belrain
     map FRANCE_MAP
     date 1917-03-14
     side Germany
Badly placed squadron Jasta 30
   	field Houplin,S Lille
     map FRANCE_MAP
     date 1918-09-24
     side France
Badly placed squadron Jasta 40s
   	field Lomme,Lille
     map FRANCE_MAP
     date 1918-09-24
     side France
Badly placed squadron Esc 103
   	field Brabant en Argonne
     map FRANCE_MAP
     date 1917-03-20
     side Germany
Badly placed squadron Jasta 13
   	field Sissonne
     map FRANCE_MAP
     date 1918-03-19
     side France
Badly placed squadron 17th Aero
   	field Riencourt,Arras
     map FRANCE_MAP
     date 1918-10-24
     side Germany
Badly placed squadron No 24 Squadron RFC
   	field Fontaine-Uterte
     map FRANCE_MAP
     date 1918-11-10
     side Germany
Badly placed squadron Jasta 13
   	field Cappy S
     map FRANCE_MAP
     date 1918-07-13
     side France
Badly placed squadron No 8 Squadron RNAS
   	field Pronville,nr Queant
     map FRANCE_MAP
     date 1918-10-24
     side Germany
Badly placed squadron Jasta 13
   	field Cappy N
     map FRANCE_MAP
     date 1918-04-12
     side France
Badly placed squadron Jasta 26
   	field Besny-et-Loisy
     map FRANCE_MAP
     date 1917-04-23
     side France
Badly placed squadron Jasta 12
   	field Mesnil le Petit
     map FRANCE_MAP
     date 1918-03-25
     side France
Badly placed squadron Schlasta 18
   	field Besny-et-Loisy
     map FRANCE_MAP
     date 1918-08-24
     side France
Badly placed squadron Jasta 34b
   	field Mesnil-Bruntel
     map FRANCE_MAP
     date 1918-10-24
     side France
Badly placed squadron 88th Aero
   	field Froides
     map FRANCE_MAP
     date 1918-07-05
     side Germany
Badly placed squadron Jasta 46
   	field Erchin
     map FRANCE_MAP
     date 1918-09-24
     side France
Badly placed squadron Jasta 30
   	field Assevillers
     map FRANCE_MAP
     date 1918-10-14
     side France
Badly placed squadron Jasta 44s
   	field Ham
     map FRANCE_MAP
     date 1918-10-08
     side France
Badly placed squadron Jasta 10
   	field Puisieux Ferme,Laon
     map FRANCE_MAP
     date 1918-08-09
     side France
Badly placed squadron Esc 99
   	field Julvecourt
     map FRANCE_MAP
     date 1918-10-24
     side Germany
Badly placed squadron No 23 Squadron RFC
   	field Lagnicourt
     map FRANCE_MAP
     date 1918-10-24
     side Germany
Badly placed squadron Esc 65
   	field Senard en Argonne
     map FRANCE_MAP
     date 1917-08-26
     side Germany
Badly placed squadron No 45 Squadron RFC
   	field La Catelet
     map FRANCE_MAP
     date 1918-11-10
     side Germany
Badly placed squadron Jasta 15
   	field Sissonne
     map FRANCE_MAP
     date 1917-11-22
     side France
Badly placed squadron Esc 26
   	field Vouziers
     map FRANCE_MAP
     date 1918-11-10
     side Germany
Badly placed squadron Esc 17
   	field Toul
     map FRANCE_MAP
     date 1916-05-15
     side Germany
Badly placed squadron Esc 49
   	field Sissonne
     map FRANCE_MAP
     date 1918-11-10
     side Germany
Badly placed squadron Jasta 6
   	field Besny-et-Loisy
     map FRANCE_MAP
     date 1918-05-25
     side France
Badly placed squadron Esc 77
   	field Leffincourt,E Reims
     map FRANCE_MAP
     date 1918-11-10
     side Germany
Badly placed squadron Schlasta 2
   	field La Neuville
     map FRANCE_MAP
     date 1918-05-08
     side France
Badly placed squadron Schlasta 12
   	field Erchin
     map FRANCE_MAP
     date 1918-03-18
     side France
Badly placed squadron Jasta 14
   	field Liesse
     map FRANCE_MAP
     date 1918-03-19
     side France
Badly placed squadron Esc 64
   	field Beauze sur Aire
     map FRANCE_MAP
     date 1918-04-03
     side Germany
Badly placed squadron No 54 Squadron RFC
   	field Awoingt
     map FRANCE_MAP
     date 1918-11-10
     side Germany
Badly placed squadron FA 222
   	field Ham Matigny
     map FRANCE_MAP
     date 1918-04-22
     side France
Badly placed squadron Jasta 19
   	field Neuflize
     map FRANCE_MAP
     date 1918-09-03
     side France
Badly placed squadron Schlasta 13
   	field Velu
     map FRANCE_MAP
     date 1918-05-25
     side France
Badly placed squadron Jasta 13
   	field La Selve
     map FRANCE_MAP
     date 1917-11-22
     side France
Badly placed squadron Esc 62
   	field Houplin,S Lille
     map FRANCE_MAP
     date 1918-11-10
     side Germany
Badly placed squadron Jasta 36
   	field Neuflize
     map FRANCE_MAP
     date 1917-05-03
     side France
Badly placed squadron Jasta 15
   	field La Selve
     map FRANCE_MAP
     date 1917-10-31
     side France
Badly placed squadron Jasta 13
   	field Neuflize
     map FRANCE_MAP
     date 1918-09-03
     side France
Badly placed squadron Jasta 57
   	field Mesnil St Nicaise
     map FRANCE_MAP
     date 1918-10-12
     side France
Badly placed squadron Jasta 76b
   	field Sissonne
     map FRANCE_MAP
     date 1918-11-04
     side France
Badly placed squadron No 49 Squadron RFC
   	field Riencourt,Arras
     map FRANCE_MAP
     date 1918-11-10
     side Germany
Badly placed squadron Jasta 37
   	field Pronville,nr Queant
     map FRANCE_MAP
     date 1918-09-24
     side France
Badly placed squadron Jasta 13
   	field Mesnil St George
     map FRANCE_MAP
     date 1918-03-25
     side France
Badly placed squadron Jasta 19
   	field Foucaucourt en Santerre
     map FRANCE_MAP
     date 1918-06-12
     side France
Badly placed squadron Esc 64
   	field Hauvine
     map FRANCE_MAP
     date 1918-11-10
     side Germany
Badly placed squadron Jasta 4
   	field Velu
     map FRANCE_MAP
     date 1918-09-24
     side France
Badly placed squadron Jasta 23b
   	field Bony
     map FRANCE_MAP
     date 1918-11-04
     side France
Badly placed squadron Jasta 22s
   	field Balatre,E Roye
     map FRANCE_MAP
     date 1918-04-08
     side France
Badly placed squadron Jasta 29
   	field Pomacle
     map FRANCE_MAP
     date 1917-06-21
     side France
Badly placed squadron Jasta 19
   	field Pomacle
     map FRANCE_MAP
     date 1918-07-24
     side France
Badly placed squadron Jasta 33
   	field Neuflize
     map FRANCE_MAP
     date 1918-08-26
     side France
Badly placed squadron Esc 66
   	field Hauvine
     map FRANCE_MAP
     date 1918-11-10
     side Germany
Badly placed squadron Jasta 12
   	field Lagnicourt
     map FRANCE_MAP
     date 1916-09-27
     side France
Badly placed squadron Jasta 7
   	field Riencourt,Arras
     map FRANCE_MAP
     date 1917-06-05
     side France
Badly placed squadron Esc 12
   	field Froides
     map FRANCE_MAP
     date 1916-10-04
     side Germany
Badly placed squadron Esc 81
   	field Stenay
     map FRANCE_MAP
     date 1918-11-10
     side Germany
Badly placed squadron Jasta 19
   	field Villeselve
     map FRANCE_MAP
     date 1918-08-28
     side France
Badly placed squadron Jasta 60
   	field Marchais
     map FRANCE_MAP
     date 1918-09-23
     side France
Badly placed squadron Esc 17
   	field Beauze sur Aire
     map FRANCE_MAP
     date 1916-09-12
     side Germany
Badly placed squadron Jasta 26
   	field La Selve
     map FRANCE_MAP
     date 1918-08-24
     side France
Badly placed squadron FA 216w
   	field Cuirieux,Laon
     map FRANCE_MAP
     date 1918-11-04
     side France
Badly placed squadron Jasta 27
   	field Roucourt, Bohain
     map FRANCE_MAP
     date 1918-11-04
     side France
Badly placed squadron Esc 81
   	field Giromancy
     map FRANCE_MAP
     date 1918-06-14
     side Germany
Badly placed squadron Esc 3
   	field Brabant en Argonne
     map FRANCE_MAP
     date 1917-03-25
     side Germany
Badly placed squadron Schlasta 24b
   	field Hermies,Cambrai
     map FRANCE_MAP
     date 1918-09-12
     side France
Badly placed squadron Jasta 32b
   	field Pronville,nr Queant
     map FRANCE_MAP
     date 1918-08-08
     side France
Badly placed squadron No 12 Squadron RFC
   	field Mont St. Eloi
     map FRANCE_MAP
     date 1918-10-24
     side Germany
Badly placed squadron Jasta 3
   	field Guesnain,Douai
     map FRANCE_MAP
     date 1918-07-07
     side France
Badly placed squadron Jasta 10
   	field Villers Bretonneux
     map FRANCE_MAP
     date 1918-04-13
     side France
Badly placed squadron Schlasta 23b
   	field Eppeville
     map FRANCE_MAP
     date 1918-10-14
     side France
Badly placed squadron Esc 7
   	field Ugny-l_Equipee
     map FRANCE_MAP
     date 1918-11-10
     side Germany
Badly placed squadron Jasta 35b
   	field Fontaine Notre Dame
     map FRANCE_MAP
     date 1918-11-04
     side France
Badly placed squadron Esc 19
   	field Hauvine
     map FRANCE_MAP
     date 1918-11-10
     side Germany
Badly placed squadron Esc 29
   	field Besny-et-Loisy
     map FRANCE_MAP
     date 1918-11-10
     side Germany
Badly placed squadron Jasta 14
   	field Riencourt,Arras
     map FRANCE_MAP
     date 1918-04-11
     side France
Badly placed squadron Schlasta 15
   	field Eppeville
     map FRANCE_MAP
     date 1918-03-25
     side France
Badly placed squadron Jasta 10
   	field Riencourt,Arras
     map FRANCE_MAP
     date 1918-03-26
     side France
Badly placed squadron Schlasta 2
   	field Bonneuil Ferme
     map FRANCE_MAP
     date 1917-05-07
     side France
Badly placed squadron Jasta 22s
   	field Leffincourt,E Reims
     map FRANCE_MAP
     date 1918-08-07
     side France
Badly placed squadron Esc 105
   	field Pomacle
     map FRANCE_MAP
     date 1918-11-10
     side Germany
Badly placed squadron No 74 Squadron RFC
   	field Houplin,S Lille
     map FRANCE_MAP
     date 1918-11-10
     side Germany
Badly placed squadron Esc 105
   	field Malzeville
     map FRANCE_MAP
     date 1916-04-17
     side Germany
Badly placed squadron Jasta 4
   	field Roupy,Somme
     map FRANCE_MAP
     date 1916-12-11
     side France
Badly placed squadron 27th Aero
   	field Toul
     map FRANCE_MAP
     date 1918-06-27
     side Germany
Badly placed squadron Esc 81
   	field Chassonge Ferme,Stenay/Verdun
     map FRANCE_MAP
     date 1918-11-09
     side Germany
Badly placed squadron Jasta 5
   	field Cappy N
     map FRANCE_MAP
     date 1918-05-19
     side France
Badly placed squadron Schlasta 18
   	field Neuflize
     map FRANCE_MAP
     date 1917-07-31
     side France
Badly placed squadron No 8 Squadron RNAS
   	field Mont St. Eloi
     map FRANCE_MAP
     date 1918-10-14
     side Germany
Badly placed squadron FA 222
   	field Warfusee
     map FRANCE_MAP
     date 1918-09-20
     side France
Badly placed squadron Jasta 22s
   	field Beugnatre
     map FRANCE_MAP
     date 1918-08-19
     side France
Badly placed squadron Esc 19
   	field Vadelaincourt
     map FRANCE_MAP
     date 1917-09-11
     side Germany
Badly placed squadron Jasta 13
   	field Bonneuil Ferme
     map FRANCE_MAP
     date 1918-06-11
     side France
Badly placed squadron Jasta 10
   	field Besny-et-Loisy
     map FRANCE_MAP
     date 1918-05-25
     side France
Badly placed squadron Esc 95
   	field Belrain
     map FRANCE_MAP
     date 1917-10-15
     side Germany
Badly placed squadron Jasta 22s
   	field Champien
     map FRANCE_MAP
     date 1918-05-11
     side France
Badly placed squadron Jasta 27
   	field Chambry,Laon
     map FRANCE_MAP
     date 1918-09-22
     side France
Badly placed squadron No 85 Squadron RFC
   	field Roucourt, Bohain
     map FRANCE_MAP
     date 1918-11-10
     side Germany
Badly placed squadron Jasta 46
   	field Roucourt, Bohain
     map FRANCE_MAP
     date 1918-07-30
     side France
Badly placed squadron Jasta 16b
   	field Beaucamp
     map FRANCE_MAP
     date 1918-09-24
     side France
Badly placed squadron Jasta 4
   	field Villers Bretonneux
     map FRANCE_MAP
     date 1918-08-29
     side France
Badly placed squadron No 3 Squadron RNAS
   	field Epinoy,NW Cambrai
     map FRANCE_MAP
     date 1918-11-09
     side Germany
Badly placed squadron No 3 Squadron AFC
   	field Hermies,Cambrai
     map FRANCE_MAP
     date 1918-11-10
     side Germany
Badly placed squadron Esc 89
   	field Froides
     map FRANCE_MAP
     date 1918-10-04
     side Germany
Badly placed squadron Jasta 11
   	field Velu
     map FRANCE_MAP
     date 1918-04-02
     side France
Badly placed squadron Jasta 6
   	field Assevillers
     map FRANCE_MAP
     date 1917-06-09
     side France
Badly placed squadron Jasta 17
   	field Mesnil St George
     map FRANCE_MAP
     date 1918-04-03
     side France
Badly placed squadron Jasta 36
   	field Chambry,Laon
     map FRANCE_MAP
     date 1918-08-24
     side France
Badly placed squadron Esc 13
   	field Vadelaincourt
     map FRANCE_MAP
     date 1917-09-21
     side Germany
Badly placed squadron Jasta 18
   	field La Petrie
     map FRANCE_MAP
     date 1917-07-01
     side France
Badly placed squadron Esc 3
   	field Neuflize
     map FRANCE_MAP
     date 1918-11-10
     side Germany
Badly placed squadron Jasta 33
   	field Mesnil le Petit
     map FRANCE_MAP
     date 1918-10-13
     side France
Badly placed squadron Jasta 44s
   	field Villeselve
     map FRANCE_MAP
     date 1918-04-21
     side France
Badly placed squadron Jasta 30
   	field Mesnil-Bruntel
     map FRANCE_MAP
     date 1918-10-24
     side France
Badly placed squadron Jasta 33
   	field Roucourt, Bohain
     map FRANCE_MAP
     date 1918-03-31
     side France
Badly placed squadron Esc 91
   	field St.Remy-le-Petit West
     map FRANCE_MAP
     date 1918-11-10
     side Germany
Badly placed squadron Esc 78
   	field Malzeville
     map FRANCE_MAP
     date 1918-03-23
     side Germany
Badly placed squadron Esc 20
   	field Pomacle
     map FRANCE_MAP
     date 1918-11-10
     side Germany
Badly placed squadron Esc 73
   	field Julvecourt
     map FRANCE_MAP
     date 1918-01-07
     side Germany
Badly placed squadron Esc 73
   	field Senard en Argonne
     map FRANCE_MAP
     date 1918-06-14
     side Germany
Badly placed squadron No 11 Squadron RFC
   	field Guesnain,Douai
     map FRANCE_MAP
     date 1918-11-10
     side Germany
Badly placed squadron No 10 Squadron RFC
   	field Lomme,Lille
     map FRANCE_MAP
     date 1918-11-09
     side Germany
Badly placed squadron Jasta 11
   	field Riencourt,Arras
     map FRANCE_MAP
     date 1918-03-26
     side France
Badly placed squadron Jasta 33
   	field Awoingt
     map FRANCE_MAP
     date 1918-11-04
     side France
Badly placed squadron Esc 65
   	field Vouziers
     map FRANCE_MAP
     date 1918-11-10
     side Germany
Badly placed squadron Esc 68
   	field Toul
     map FRANCE_MAP
     date 1917-04-02
     side Germany
Badly placed squadron Esc 227
   	field Lemmes
     map FRANCE_MAP
     date 1918-03-26
     side Germany
Badly placed squadron Jasta 76b
   	field St.Remy-le-Petit West
     map FRANCE_MAP
     date 1918-10-24
     side France
Badly placed squadron Jasta 19
   	field Riencourt,Arras
     map FRANCE_MAP
     date 1918-02-02
     side France
Badly placed squadron FA 210
   	field Pronville,nr Queant
     map FRANCE_MAP
     date 1918-03-23
     side France
Badly placed squadron Jasta 17
   	field Champien
     map FRANCE_MAP
     date 1918-07-10
     side France
Badly placed squadron Jasta 15
   	field Bonneuil Ferme
     map FRANCE_MAP
     date 1918-08-26
     side France
Badly placed squadron Jasta 34b
   	field Assevillers
     map FRANCE_MAP
     date 1918-10-14
     side France
Badly placed squadron No 10 Squadron RNAS
   	field Lomme,Lille
     map FRANCE_MAP
     date 1918-10-24
     side Germany
Badly placed squadron Esc 103
   	field La Selve
     map FRANCE_MAP
     date 1918-11-10
     side Germany
Badly placed squadron FA 7
   	field Vivaise
     map FRANCE_MAP
     date 1918-05-31
     side France
Badly placed squadron Schlasta 10
   	field Chery-les-Pouilly,S
     map FRANCE_MAP
     date 1916-02-19
     side France
Badly placed squadron Jasta 36
   	field Ennemain,N Nesle
     map FRANCE_MAP
     date 1918-10-10
     side France
Badly placed squadron Jasta 32b
   	field Douai
     map FRANCE_MAP
     date 1918-09-24
     side France
Badly placed squadron FA 216w
   	field Houplin,S Lille
     map FRANCE_MAP
     date 1918-03-19
     side France
Badly placed squadron Jasta 37
   	field Cappy S
     map FRANCE_MAP
     date 1918-07-27
     side France
Badly placed squadron No 25 Squadron RFC
   	field Mont St. Eloi
     map FRANCE_MAP
     date 1918-10-24
     side Germany
Badly placed squadron 22nd Aero
   	field Verdun
     map FRANCE_MAP
     date 1918-10-31
     side Germany
Badly placed squadron Jasta 28w
   	field Neuflize
     map FRANCE_MAP
     date 1918-08-24
     side France
Badly placed squadron No 8 Squadron RFC
   	field Douai
     map FRANCE_MAP
     date 1918-11-10
     side Germany
Badly placed squadron Jasta 3
   	field Beugnatre
     map FRANCE_MAP
     date 1916-11-04
     side France
Badly placed squadron No 52 Squadron RFC
   	field Douai
     map FRANCE_MAP
     date 1918-11-10
     side Germany
Badly placed squadron Jasta 60
   	field Sissonne
     map FRANCE_MAP
     date 1918-06-06
     side France
Badly placed squadron Boghol 1
   	field Ceune
     map FRANCE_MAP
     date 1918-11-04
     side France
Badly placed squadron Jasta 23b
   	field Riencourt,Arras
     map FRANCE_MAP
     date 1918-08-26
     side France
Badly placed squadron Esc 99
   	field Brabant en Argonne
     map FRANCE_MAP
     date 1918-02-26
     side Germany
Badly placed squadron 90th Aero
   	field Julvecourt
     map FRANCE_MAP
     date 1918-11-04
     side Germany
Badly placed squadron Jasta 6
   	field Pronville,nr Queant
     map FRANCE_MAP
     date 1918-03-25
     side France
Badly placed squadron Jasta 21s
   	field Sissonne
     map FRANCE_MAP
     date 1918-10-10
     side France
Badly placed squadron Esc 81
   	field Lemmes
     map FRANCE_MAP
     date 1917-09-12
     side Germany
Badly placed squadron Jasta 10
   	field Cachy
     map FRANCE_MAP
     date 1918-08-29
     side France
Badly placed squadron 147th Aero
   	field Lemmes
     map FRANCE_MAP
     date 1918-10-14
     side Germany
Badly placed squadron Esc 65
   	field Sivry
     map FRANCE_MAP
     date 1918-10-30
     side Germany
Badly placed squadron 90th Aero
   	field Vadelaincourt
     map FRANCE_MAP
     date 1918-11-10
     side Germany
Badly placed squadron No 84 Squadron RFC
   	field Mazingarbe
     map FRANCE_MAP
     date 1918-10-24
     side Germany
Badly placed squadron Schlasta 24b
   	field Helesmes,N Denain
     map FRANCE_MAP
     date 1918-03-31
     side France
Badly placed squadron 22nd Aero
   	field Malzeville
     map FRANCE_MAP
     date 1918-09-21
     side Germany
Badly placed squadron Schlasta 18
   	field Pomacle
     map FRANCE_MAP
     date 1917-06-14
     side France
Badly placed squadron Jasta 35b
   	field Beugnatre
     map FRANCE_MAP
     date 1918-02-07
     side France
Badly placed squadron Jasta 60
   	field Mesnil St George
     map FRANCE_MAP
     date 1918-04-03
     side France
Badly placed squadron Jasta 36
   	field Douai
     map FRANCE_MAP
     date 1918-09-24
     side France
Badly placed squadron 90th Aero
   	field Lemmes
     map FRANCE_MAP
     date 1918-11-01
     side Germany
Badly placed squadron Esc 40
   	field Hauvine
     map FRANCE_MAP
     date 1918-11-10
     side Germany
Badly placed squadron Jasta 43
   	field Bersee,NW Douai
     map FRANCE_MAP
     date 1918-11-04
     side France
Badly placed squadron Jasta 34b
   	field Baizieux 2
     map FRANCE_MAP
     date 1918-08-28
     side France
Badly placed squadron Jasta 28w
   	field Riencourt,Arras
     map FRANCE_MAP
     date 1918-09-24
     side France
Badly placed squadron Esc 29
   	field Souilly
     map FRANCE_MAP
     date 1918-07-13
     side Germany
Badly placed squadron FA 216w
   	field Douai
     map FRANCE_MAP
     date 1918-04-11
     side France
Badly placed squadron Jasta 60
   	field St.Loup,Champagne
     map FRANCE_MAP
     date 1918-10-07
     side France
Badly placed squadron Jasta 22s
   	field Fonsomme
     map FRANCE_MAP
     date 1918-11-09
     side France
Badly placed squadron Jasta 13
   	field Puisieux Ferme,Laon
     map FRANCE_MAP
     date 1917-10-31
     side France
Badly placed squadron Jasta 57
   	field Proville,Cambrai
     map FRANCE_MAP
     date 1918-11-04
     side France
Badly placed squadron Jasta 41
   	field Leffincourt,E Reims
     map FRANCE_MAP
     date 1918-09-24
     side France
Badly placed squadron Jasta 35b
   	field Guesnain,Douai
     map FRANCE_MAP
     date 1918-09-24
     side France
Badly placed squadron No 1 Squadron RFC
   	field Mazingarbe
     map FRANCE_MAP
     date 1918-10-24
     side Germany
Badly placed squadron Jasta 36
   	field Lomme,Lille
     map FRANCE_MAP
     date 1917-06-25
     side France
Badly placed squadron Jasta 5
   	field Ham Matigny
     map FRANCE_MAP
     date 1918-04-03
     side France
Badly placed squadron Esc 34
   	field Erize la Petite
     map FRANCE_MAP
     date 1918-01-20
     side Germany
Badly placed squadron Jasta 16b
   	field Balatre,E Roye
     map FRANCE_MAP
     date 1917-06-05
     side France
Badly placed squadron Jasta 46
   	field Houplin,S Lille
     map FRANCE_MAP
     date 1918-03-22
     side France
Badly placed squadron 96th Aero
   	field Lemmes
     map FRANCE_MAP
     date 1918-11-10
     side Germany
Badly placed squadron Jasta 35b
   	field Mesnil-Bruntel
     map FRANCE_MAP
     date 1918-10-24
     side France
Badly placed squadron Jasta 8
   	field Assevillers
     map FRANCE_MAP
     date 1918-03-21
     side France
Badly placed squadron Esc 2
   	field Vivaise
     map FRANCE_MAP
     date 1918-11-10
     side Germany
Badly placed squadron Schlasta 2
   	field Moislains
     map FRANCE_MAP
     date 1918-01-13
     side France
Badly placed squadron Esc 112
   	field Lemmes
     map FRANCE_MAP
     date 1916-09-25
     side Germany
Badly placed squadron Jasta 10
   	field Douai
     map FRANCE_MAP
     date 1917-05-24
     side France
Badly placed squadron Schlasta 10
   	field Bernes
     map FRANCE_MAP
     date 1918-04-03
     side France
Badly placed squadron Esc 77
   	field Froides
     map FRANCE_MAP
     date 1918-10-18
     side Germany
Badly placed squadron FA 23
   	field Longchamps
     map FRANCE_MAP
     date 1918-11-09
     side France
Badly placed squadron FA 276
   	field Helesmes,N Denain
     map FRANCE_MAP
     date 1918-09-24
     side France
Badly placed squadron No 43 Squadron RFC
   	field Mazingarbe
     map FRANCE_MAP
     date 1918-10-24
     side Germany
Badly placed squadron Esc 2
   	field Julvecourt
     map FRANCE_MAP
     date 1916-03-22
     side Germany
Badly placed squadron No 79 Squadron RFC
   	field Houplin,S Lille
     map FRANCE_MAP
     date 1918-11-10
     side Germany
Badly placed squadron Esc 65
   	field Souilly
     map FRANCE_MAP
     date 1916-05-10
     side Germany
Badly placed squadron No 16 Squadron RFC
   	field Bruay
     map FRANCE_MAP
     date 1918-10-14
     side Germany
Badly placed squadron 13th Aero
   	field Souilly
     map FRANCE_MAP
     date 1918-10-14
     side Germany
Badly placed squadron Jasta 7
   	field Beaucamp
     map FRANCE_MAP
     date 1917-09-14
     side France
Badly placed squadron Esc 66
   	field Malzeville
     map FRANCE_MAP
     date 1917-03-31
     side Germany
Badly placed squadron Jasta 5
   	field Mesnil St George
     map FRANCE_MAP
     date 1918-04-22
     side France
Badly placed squadron Esc 12
   	field Boncourt
     map FRANCE_MAP
     date 1918-11-10
     side Germany
Badly placed squadron Esc 78
   	field Lemmes
     map FRANCE_MAP
     date 1917-03-18
     side Germany
Badly placed squadron Jasta 26
   	field Douai
     map FRANCE_MAP
     date 1918-09-24
     side France
Badly placed squadron Jasta 21s
   	field La Catelet
     map FRANCE_MAP
     date 1918-11-04
     side France
Badly placed squadron Jasta 18
   	field Phalempin,N Douai
     map FRANCE_MAP
     date 1918-03-19
     side France
Badly placed squadron Jasta 11
   	field Phalempin,N Douai
     map FRANCE_MAP
     date 1917-11-21
     side France
Badly placed squadron Esc 89
   	field Brabant en Argonne
     map FRANCE_MAP
     date 1917-05-12
     side Germany
Badly placed squadron 11eme Esc de Chasse
   	field Helesmes,N Denain
     map FRANCE_MAP
     date 1918-11-10
     side Germany
Badly placed squadron No 49 Squadron RFC
   	field Mont St. Eloi
     map FRANCE_MAP
     date 1918-10-24
     side Germany
Badly placed squadron No 3 Squadron RNAS
   	field Lieu St.Amand
     map FRANCE_MAP
     date 1918-11-10
     side Germany
Badly placed squadron No 2 Squadron RFC
   	field Mont St. Eloi
     map FRANCE_MAP
     date 1918-10-24
     side Germany
Badly placed squadron No 4 Squadron AFC
   	field Helesmes,N Denain
     map FRANCE_MAP
     date 1918-11-10
     side Germany
Badly placed squadron Esc 67
   	field Vadelaincourt
     map FRANCE_MAP
     date 1916-03-19
     side Germany
Badly placed squadron Schlasta 15
   	field Liesse
     map FRANCE_MAP
     date 1918-09-12
     side France
Badly placed squadron Jasta 56
   	field Helesmes,N Denain
     map FRANCE_MAP
     date 1918-11-04
     side France
Badly placed squadron Schlasta 2
   	field Pomacle
     map FRANCE_MAP
     date 1916-06-30
     side France
Badly placed squadron Jasta 37
   	field Aniche
     map FRANCE_MAP
     date 1918-11-04
     side France
Badly placed squadron Jasta 32b
   	field Vivaise
     map FRANCE_MAP
     date 1918-02-01
     side France
Badly placed squadron FA 23
   	field Mesnil St George
     map FRANCE_MAP
     date 1918-10-14
     side France
Badly placed squadron Esc 124 Lafayette
   	field Lemmes
     map FRANCE_MAP
     date 1917-12-02
     side Germany
Badly placed squadron No 19 Squadron RFC
   	field La Targette
     map FRANCE_MAP
     date 1918-10-24
     side Germany
Badly placed squadron 1st Aero
   	field Souilly
     map FRANCE_MAP
     date 1918-06-28
     side Germany
Badly placed squadron Jasta 76b
   	field Pomacle
     map FRANCE_MAP
     date 1918-10-04
     side France
Badly placed squadron FA 222
   	field Foreste
     map FRANCE_MAP
     date 1918-04-03
     side France
Badly placed squadron Jasta 17
   	field Baizieux 2
     map FRANCE_MAP
     date 1918-05-19
     side France
Badly placed squadron Jasta 46
   	field Beugnatre
     map FRANCE_MAP
     date 1918-08-13
     side France
Badly placed squadron Jasta 16b
   	field Bersee,NW Douai
     map FRANCE_MAP
     date 1918-11-04
     side France
Badly placed squadron 27th Aero
   	field Verdun
     map FRANCE_MAP
     date 1918-11-10
     side Germany
Badly placed squadron Schlasta 23b
   	field Nurlu,NE Moislains
     map FRANCE_MAP
     date 1918-03-25
     side France
Badly placed squadron Jasta 8
   	field Brayelles,Douai
     map FRANCE_MAP
     date 1917-12-14
     side France
Badly placed squadron Esc 70
   	field Vivaise
     map FRANCE_MAP
     date 1918-11-10
     side Germany
Badly placed squadron Esc 15
   	field Sivry
     map FRANCE_MAP
     date 1918-10-30
     side Germany
Badly placed squadron FA 23
   	field Eppeville
     map FRANCE_MAP
     date 1918-03-25
     side France
Badly placed squadron Esc 12
   	field Vadelaincourt
     map FRANCE_MAP
     date 1917-04-07
     side Germany
Badly placed squadron Jasta 19
   	field Puisieux Ferme,Laon
     map FRANCE_MAP
     date 1918-03-19
     side France
Badly placed squadron No 16 Squadron RFC
   	field Lomme,Lille
     map FRANCE_MAP
     date 1918-11-10
     side Germany
Badly placed squadron No 85 Squadron RFC
   	field La Targette
     map FRANCE_MAP
     date 1918-10-24
     side Germany
Badly placed squadron No 84 Squadron RFC
   	field La Petrie
     map FRANCE_MAP
     date 1918-11-10
     side Germany
Badly placed squadron FA 293b
   	field Epinoy,NW Cambrai
     map FRANCE_MAP
     date 1918-07-28
     side France
Badly placed squadron No 1 Squadron RNAS
   	field Aniche
     map FRANCE_MAP
     date 1918-11-10
     side Germany
Badly placed squadron Jasta 22s
   	field Fontaine-Uterte
     map FRANCE_MAP
     date 1918-11-04
     side France
Badly placed squadron Schlasta 18
   	field Nurlu,NE Moislains
     map FRANCE_MAP
     date 1917-04-02
     side France
Badly placed squadron Esc 152
   	field Puisieux Ferme,Laon
     map FRANCE_MAP
     date 1918-11-10
     side Germany
Badly placed squadron Jasta 4
   	field Puisieux Ferme,Laon
     map FRANCE_MAP
     date 1918-08-09
     side France
Badly placed squadron No 32 Squadron RFC
   	field Chambry,Laon
     map FRANCE_MAP
     date 1918-11-10
     side Germany
Badly placed squadron Jasta 23b
   	field Assevillers
     map FRANCE_MAP
     date 1918-10-14
     side France
Badly placed squadron Jasta 32b
   	field Velu
     map FRANCE_MAP
     date 1918-04-18
     side France
Badly placed squadron FA 216w
   	field Puisieux Ferme,Laon
     map FRANCE_MAP
     date 1918-10-24
     side France
Badly placed squadron Jasta 6
   	field Cappy S
     map FRANCE_MAP
     date 1918-09-27
     side France
Badly placed squadron Esc 45
   	field Brabant en Argonne
     map FRANCE_MAP
     date 1916-08-01
     side Germany
Badly placed squadron Jasta 29
   	field Phalempin,N Douai
     map FRANCE_MAP
     date 1918-08-17
     side France
Badly placed squadron No 27 Squadron RFC
   	field Hancourt
     map FRANCE_MAP
     date 1918-11-10
     side Germany
Badly placed squadron Esc 17
   	field Vivaise
     map FRANCE_MAP
     date 1918-11-10
     side Germany
Badly placed squadron Jasta 5
   	field Beugnatre
     map FRANCE_MAP
     date 1918-03-25
     side France
Badly placed squadron 96th Aero
   	field Pretz en Argonne
     map FRANCE_MAP
     date 1918-10-14
     side Germany
Badly placed squadron No 52 Squadron RFC
   	field Mont St. Eloi
     map FRANCE_MAP
     date 1918-10-24
     side Germany
Badly placed squadron Jasta 46
   	field Falvy,Peronne
     map FRANCE_MAP
     date 1918-10-14
     side France
Badly placed squadron FA 44
   	field La Selve
     map FRANCE_MAP
     date 1918-07-24
     side France
Badly placed squadron No 57 Squadron RFC
   	field Gonnelieu,Cambrai
     map FRANCE_MAP
     date 1918-11-10
     side Germany
Badly placed squadron 91st Aero
   	field St.Loup,Champagne
     map FRANCE_MAP
     date 1918-11-10
     side Germany
Badly placed squadron Esc 68
   	field Boncourt
     map FRANCE_MAP
     date 1918-11-10
     side Germany
Badly placed squadron Esc 226
   	field Vadelaincourt
     map FRANCE_MAP
     date 1918-05-31
     side Germany
Badly placed squadron 95th Aero
   	field Malzeville
     map FRANCE_MAP
     date 1918-06-01
     side Germany
Badly placed squadron Esc 108
   	field Pomacle
     map FRANCE_MAP
     date 1918-11-10
     side Germany
Badly placed squadron Jasta 4
   	field Mesnil le Petit
     map FRANCE_MAP
     date 1918-04-03
     side France
Badly placed squadron Jasta 33
   	field Besny-et-Loisy
     map FRANCE_MAP
     date 1917-09-22
     side France
Badly placed squadron Jasta 10
   	field Mesnil le Petit
     map FRANCE_MAP
     date 1918-04-03
     side France
Badly placed squadron No 12 Squadron RFC
   	field Pronville,nr Queant
     map FRANCE_MAP
     date 1918-11-10
     side Germany
Badly placed squadron Esc 19
   	field Julvecourt
     map FRANCE_MAP
     date 1918-05-05
     side Germany
Badly placed squadron Jasta 5
   	field Velu
     map FRANCE_MAP
     date 1918-09-24
     side France
Badly placed squadron Jasta 35b
   	field Assevillers
     map FRANCE_MAP
     date 1918-10-14
     side France
Badly placed squadron No 48 Squadron RFC
   	field Lomme,Lille
     map FRANCE_MAP
     date 1918-11-10
     side Germany
Badly placed squadron Jasta 16b
   	field Foucaucourt en Santerre
     map FRANCE_MAP
     date 1918-03-25
     side France
Badly placed squadron Jasta 2
   	field Brayelles,Douai
     map FRANCE_MAP
     date 1918-09-24
     side France
Badly placed squadron Jasta 15
   	field Pomacle
     map FRANCE_MAP
     date 1918-07-24
     side France
Badly placed squadron Esc 64
   	field Vadelaincourt
     map FRANCE_MAP
     date 1918-03-17
     side Germany
Badly placed squadron Jasta 76b
   	field Brayelles,Douai
     map FRANCE_MAP
     date 1918-09-08
     side France
Badly placed squadron FA 16
   	field Clastres
     map FRANCE_MAP
     date 1916-02-11
     side France
Badly placed squadron FA 278s
   	field Besny-et-Loisy
     map FRANCE_MAP
     date 1918-08-24
     side France
Badly placed squadron 22nd Aero
   	field Lemmes
     map FRANCE_MAP
     date 1918-10-14
     side Germany
Badly placed squadron No 8 Squadron RNAS
   	field Iwuy
     map FRANCE_MAP
     date 1918-11-10
     side Germany
Badly placed squadron Jasta 3
   	field Nurlu,NE Moislains
     map FRANCE_MAP
     date 1918-04-03
     side France
Badly placed squadron FA 16
   	field Liesse
     map FRANCE_MAP
     date 1918-10-24
     side France
Badly placed squadron Jasta 22s
   	field Vivaise
     map FRANCE_MAP
     date 1917-09-15
     side France
Badly placed squadron Schlasta 13
   	field Moislains
     map FRANCE_MAP
     date 1918-04-18
     side France
Badly placed squadron Schlasta 12
   	field Assevillers
     map FRANCE_MAP
     date 1918-05-23
     side France
Badly placed squadron Jasta 2
   	field Velu
     map FRANCE_MAP
     date 1918-04-14
     side France
Badly placed squadron No 16 Squadron RFC
   	field Mazingarbe
     map FRANCE_MAP
     date 1918-10-24
     side Germany
Badly placed squadron Jasta 66
   	field Fontaine Notre Dame
     map FRANCE_MAP
     date 1918-11-09
     side France
Badly placed squadron No 43 Squadron RFC
   	field Pont-a-Marcq
     map FRANCE_MAP
     date 1918-11-10
     side Germany
Badly placed squadron Jasta 17
   	field Lagnicourt
     map FRANCE_MAP
     date 1917-11-20
     side France
Badly placed squadron Jasta 11
   	field Moreuil
     map FRANCE_MAP
     date 1918-08-30
     side France
Badly placed squadron FA 278s
   	field Bonneuil Ferme
     map FRANCE_MAP
     date 1918-07-04
     side France
Badly placed squadron Schlasta 10
   	field Nurlu,NE Moislains
     map FRANCE_MAP
     date 1918-03-25
     side France
Badly placed squadron Esc 26
   	field Beauze sur Aire
     map FRANCE_MAP
     date 1918-03-06
     side Germany
Badly placed squadron Esc 107
   	field Beauze sur Aire
     map FRANCE_MAP
     date 1918-10-14
     side Germany
Badly placed squadron 17th Aero
   	field Eswars
     map FRANCE_MAP
     date 1918-11-10
     side Germany
Badly placed squadron Jasta 35b
   	field Riencourt,Arras
     map FRANCE_MAP
     date 1918-08-28
     side France
Badly placed squadron No 22 Squadron RFC
   	field Merville
     map FRANCE_MAP
     date 1918-10-04
     side Germany
Badly placed squadron Jasta 40s
   	field Lagnicourt
     map FRANCE_MAP
     date 1918-05-04
     side France
Badly placed squadron FA 23
   	field Ham Matigny
     map FRANCE_MAP
     date 1918-10-24
     side France
Badly placed squadron FA 7
   	field Mesnil-Bruntel
     map FRANCE_MAP
     date 1917-10-31
     side France
Badly placed squadron Esc 95
   	field Souilly
     map FRANCE_MAP
     date 1918-02-12
     side Germany
Badly placed squadron Jasta 78b
   	field Lomme,Lille
     map FRANCE_MAP
     date 1918-09-24
     side France
Badly placed squadron Jasta 56
   	field Douai
     map FRANCE_MAP
     date 1918-03-25
     side France
Badly placed squadron Jasta 10
   	field Pronville,nr Queant
     map FRANCE_MAP
     date 1918-03-25
     side France
Badly placed squadron Jasta 15
   	field Villeselve
     map FRANCE_MAP
     date 1918-08-28
     side France
Badly placed squadron Jasta 34b
   	field Pronville,nr Queant
     map FRANCE_MAP
     date 1918-09-24
     side France
Badly placed squadron Esc 78
   	field Autremencourt
     map FRANCE_MAP
     date 1918-11-10
     side Germany
Badly placed squadron Jasta 21s
   	field St.Remy-le-Petit West
     map FRANCE_MAP
     date 1918-05-18
     side France
Badly placed squadron Esc 38
   	field Boncourt
     map FRANCE_MAP
     date 1918-11-10
     side Germany
Badly placed squadron Jasta 36
   	field Assevillers
     map FRANCE_MAP
     date 1918-10-04
     side France
Badly placed squadron Esc 122
   	field Souilly
     map FRANCE_MAP
     date 1918-10-24
     side Germany
Badly placed squadron FA 278s
   	field Chambry,Laon
     map FRANCE_MAP
     date 1917-06-14
     side France
Badly placed squadron Esc 102
   	field Toul
     map FRANCE_MAP
     date 1918-03-31
     side Germany
Badly placed squadron Jasta 22s
   	field Velu
     map FRANCE_MAP
     date 1917-05-15
     side France
Badly placed squadron Esc 77
   	field Toul
     map FRANCE_MAP
     date 1917-03-09
     side Germany
Badly placed squadron Jasta 57
   	field Lagnicourt
     map FRANCE_MAP
     date 1918-03-25
     side France
Badly placed squadron Jasta 46
   	field La Catelet
     map FRANCE_MAP
     date 1918-11-04
     side France
Badly placed squadron Jasta 12
   	field Besny-et-Loisy
     map FRANCE_MAP
     date 1918-03-23
     side France
Badly placed squadron 13th Aero
   	field Malzeville
     map FRANCE_MAP
     date 1918-09-21
     side Germany
Badly placed squadron 94th Aero
   	field Toul
     map FRANCE_MAP
     date 1918-06-27
     side Germany
Badly placed squadron FA 23
   	field Balatre,E Roye
     map FRANCE_MAP
     date 1918-10-04
     side France
Badly placed squadron Jasta 11
   	field Cachy-Bois I_Abbe
     map FRANCE_MAP
     date 1918-05-20
     side France
Badly placed squadron Jasta 19
   	field Cachy
     map FRANCE_MAP
     date 1918-04-13
     side France
Badly placed squadron Jasta 18
   	field Beaucamp
     map FRANCE_MAP
     date 1918-06-13
     side France
Badly placed squadron Schlasta 12
   	field Chambry,Laon
     map FRANCE_MAP
     date 1918-08-03
     side France
Badly placed squadron Esc 124 Lafayette
   	field La Jolly Ferme,Stenay
     map FRANCE_MAP
     date 1918-11-10
     side Germany
Badly placed squadron Schlasta 13
   	field Lagnicourt
     map FRANCE_MAP
     date 1918-03-25
     side France
Badly placed squadron Jasta 43
   	field Beugnatre
     map FRANCE_MAP
     date 1918-10-04
     side France
Badly placed squadron Jasta 18
   	field La Neuville
     map FRANCE_MAP
     date 1917-11-23
     side France
Badly placed squadron FA 216w
   	field Assevillers
     map FRANCE_MAP
     date 1918-05-20
     side France
Badly placed squadron Jasta 13
   	field Villeselve
     map FRANCE_MAP
     date 1918-08-28
     side France
Badly placed squadron Jasta 10
   	field Velu
     map FRANCE_MAP
     date 1918-09-24
     side France
Badly placed squadron Jasta 23b
   	field Brayelles,Douai
     map FRANCE_MAP
     date 1918-09-24
     side France
Badly placed squadron Jasta 19
   	field Chery-les-Pouilly,N
     map FRANCE_MAP
     date 1918-08-21
     side France
Badly placed squadron Jasta 35b
   	field Velu
     map FRANCE_MAP
     date 1918-04-18
     side France
Badly placed squadron Esc 226
   	field Besny-et-Loisy
     map FRANCE_MAP
     date 1918-11-10
     side Germany
Badly placed squadron Jasta 11
   	field La Neuville
     map FRANCE_MAP
     date 1917-07-01
     side France
Badly placed squadron Esc 37
   	field Chassonge Ferme,Stenay/Verdun
     map FRANCE_MAP
     date 1918-11-09
     side Germany
Badly placed squadron No 7 Squadron RNAS
   	field Cappy N
     map FRANCE_MAP
     date 1918-11-10
     side Germany
Badly placed squadron Jasta 12
   	field Villeselve
     map FRANCE_MAP
     date 1918-08-28
     side France
Badly placed squadron Jasta 16b
   	field Pronville,nr Queant
     map FRANCE_MAP
     date 1918-03-20
     side France
Badly placed squadron Esc 12
   	field Malzeville
     map FRANCE_MAP
     date 1918-09-22
     side Germany
Badly placed squadron 147th Aero
   	field Toul
     map FRANCE_MAP
     date 1918-06-27
     side Germany
Badly placed squadron Jasta 57
   	field Cappy N
     map FRANCE_MAP
     date 1918-07-08
     side France
Badly placed squadron Schlasta 15
   	field Hermies,Cambrai
     map FRANCE_MAP
     date 1918-05-20
     side France
Badly placed squadron Jasta 28w
   	field Lagnicourt
     map FRANCE_MAP
     date 1917-08-26
     side France
Badly placed squadron Jasta 5
   	field Villers Bretonneux
     map FRANCE_MAP
     date 1918-08-24
     side France
Badly placed squadron Esc 15
   	field Lemmes
     map FRANCE_MAP
     date 1916-05-07
     side Germany
Badly placed squadron Schlasta 10
   	field Cappy S
     map FRANCE_MAP
     date 1918-08-31
     side France
Badly placed squadron Esc 129
   	field Souilly
     map FRANCE_MAP
     date 1918-08-11
     side Germany
Badly placed squadron Jasta 5
   	field Helesmes,N Denain
     map FRANCE_MAP
     date 1918-11-04
     side France
Badly placed squadron Esc 8
   	field Hauvine
     map FRANCE_MAP
     date 1918-11-10
     side Germany
Badly placed squadron 95th Aero
   	field Vadelaincourt
     map FRANCE_MAP
     date 1918-10-24
     side Germany
Badly placed squadron Jasta 66
   	field Sissonne
     map FRANCE_MAP
     date 1918-08-20
     side France
Badly placed squadron Jasta 11
   	field Puisieux Ferme,Laon
     map FRANCE_MAP
     date 1918-08-09
     side France
Badly placed squadron Esc 57
   	field Chassonge Ferme,Stenay/Verdun
     map FRANCE_MAP
     date 1918-11-09
     side Germany
Badly placed squadron Jasta 11
   	field Beaucamp
     map FRANCE_MAP
     date 1918-03-19
     side France
Badly placed squadron Jasta 28w
   	field Cachy-Bois I_Abbe
     map FRANCE_MAP
     date 1918-06-07
     side France
Badly placed squadron Jasta 10
   	field Beaucamp
     map FRANCE_MAP
     date 1918-05-20
     side France
Badly placed squadron Jasta 6
   	field Lagnicourt
     map FRANCE_MAP
     date 1918-03-26
     side France
Badly placed squadron FA 216w
   	field Pomacle
     map FRANCE_MAP
     date 1917-11-13
     side France
Badly placed squadron No 74 Squadron RFC
   	field Beaucamp
     map FRANCE_MAP
     date 1918-10-24
     side Germany
Badly placed squadron No 70 Squadron RFC
   	field Lomme,Lille
     map FRANCE_MAP
     date 1918-10-24
     side Germany
Badly placed squadron Jasta 22s
   	field Ham
     map FRANCE_MAP
     date 1918-10-24
     side France
Badly placed squadron Schlasta 24b
   	field Douai
     map FRANCE_MAP
     date 1918-08-05
     side France
Badly placed squadron Jasta 41
   	field Sissonne
     map FRANCE_MAP
     date 1918-08-05
     side France
Badly placed squadron Jasta 6
   	field Houplin,S Lille
     map FRANCE_MAP
     date 1917-11-20
     side France
Badly placed squadron Jasta 15
   	field Eppeville
     map FRANCE_MAP
     date 1918-06-12
     side France
Badly placed squadron Jasta 4
   	field Bonneuil Ferme
     map FRANCE_MAP
     date 1916-08-14
     side France
Badly placed squadron Esc 48
   	field Froides
     map FRANCE_MAP
     date 1918-07-17
     side Germany
Badly placed squadron Jasta 4
   	field Lagnicourt
     map FRANCE_MAP
     date 1918-03-26
     side France
Badly placed squadron 90th Aero
   	field Souilly
     map FRANCE_MAP
     date 1918-10-14
     side Germany
Badly placed squadron Jasta 18
   	field Pronville,nr Queant
     map FRANCE_MAP
     date 1918-04-29
     side France
Badly placed squadron Jasta 8
   	field Beugnatre
     map FRANCE_MAP
     date 1918-03-25
     side France
Badly placed squadron Esc 112
   	field Vadelaincourt
     map FRANCE_MAP
     date 1918-01-11
     side Germany
Badly placed squadron No 23 Squadron RFC
   	field Cambrai
     map FRANCE_MAP
     date 1918-11-10
     side Germany
Badly placed squadron Schlasta 18
   	field Liesse
     map FRANCE_MAP
     date 1918-05-27
     side France
Badly placed squadron Jasta 8
   	field Pronville,nr Queant
     map FRANCE_MAP
     date 1918-09-14
     side France
Badly placed squadron Jasta 33
   	field Balatre,E Roye
     map FRANCE_MAP
     date 1918-07-06
     side France
Badly placed squadron Jasta 66
   	field Fonsomme
     map FRANCE_MAP
     date 1918-07-19
     side France
Badly placed squadron Esc 48
   	field Erize la Petite
     map FRANCE_MAP
     date 1918-09-23
     side Germany
Badly placed squadron Jasta 30
   	field Fonsomme
     map FRANCE_MAP
     date 1918-11-04
     side France
Badly placed squadron Jasta 6
   	field Villers Bretonneux
     map FRANCE_MAP
     date 1918-04-13
     side France
Badly placed squadron Esc 112
   	field Toulis
     map FRANCE_MAP
     date 1918-11-10
     side Germany
Badly placed squadron Jasta 6
   	field Baizieux 2
     map FRANCE_MAP
     date 1918-09-24
     side France
Badly placed squadron Esc 85
   	field St.Remy-le-Petit West
     map FRANCE_MAP
     date 1918-11-10
     side Germany
Badly placed squadron Jasta 27
   	field Phalempin,N Douai
     map FRANCE_MAP
     date 1917-10-31
     side France
Badly placed squadron Jasta 35b
   	field Lomme,Lille
     map FRANCE_MAP
     date 1917-09-18
     side France
Badly placed squadron Jasta 23b
   	field Mesnil-Bruntel
     map FRANCE_MAP
     date 1918-10-24
     side France
Badly placed squadron Esc 37
   	field Malzeville
     map FRANCE_MAP
     date 1918-09-22
     side Germany
Badly placed squadron Jasta 15
   	field Foucaucourt en Santerre
     map FRANCE_MAP
     date 1918-04-13
     side France
Badly placed squadron Jasta 15
   	field Mesnil St Nicaise
     map FRANCE_MAP
     date 1918-04-11
     side France
Badly placed squadron Esc 111
   	field Malzeville
     map FRANCE_MAP
     date 1916-02-29
     side Germany
Badly placed squadron No 1 Squadron RFC
   	field Phalempin,N Douai
     map FRANCE_MAP
     date 1918-11-10
     side Germany
Badly placed squadron Jasta 37
   	field Phalempin,N Douai
     map FRANCE_MAP
     date 1917-10-07
     side France
Badly placed squadron Jasta 28w
   	field Eswars
     map FRANCE_MAP
     date 1918-11-04
     side France
Badly placed squadron Jasta 2
   	field Lagnicourt
     map FRANCE_MAP
     date 1916-12-04
     side France
Badly placed squadron Jasta 36
   	field Houplin,S Lille
     map FRANCE_MAP
     date 1917-09-21
     side France
Badly placed squadron Esc 52
   	field Clastres
     map FRANCE_MAP
     date 1918-11-10
     side Germany
Badly placed squadron Esc 129
   	field Froides
     map FRANCE_MAP
     date 1918-03-19
     side Germany
Badly placed squadron Esc 102
   	field Fonsomme
     map FRANCE_MAP
     date 1918-11-10
     side Germany
Badly placed squadron Jasta 3
   	field Baizieux 2
     map FRANCE_MAP
     date 1918-05-02
     side France
Badly placed squadron No 9 Squadron RNAS
   	field Avensnes-le-Sec
     map FRANCE_MAP
     date 1918-11-10
     side Germany
Badly placed squadron No 5 Squadron RNAS
   	field Bernes
     map FRANCE_MAP
     date 1918-11-10
     side Germany
Badly placed squadron Schlasta 12
   	field Douai
     map FRANCE_MAP
     date 1918-09-24
     side France
Badly placed squadron FA 7
   	field Epinoy,NW Cambrai
     map FRANCE_MAP
     date 1918-09-24
     side France
Badly placed squadron Esc 85
   	field Souilly
     map FRANCE_MAP
     date 1918-02-21
     side Germany
Badly placed squadron Esc 20
   	field Erize la Petite
     map FRANCE_MAP
     date 1917-06-14
     side Germany
Badly placed squadron Esc 26
   	field Brabant en Argonne
     map FRANCE_MAP
     date 1917-03-25
     side Germany
Badly placed squadron Jasta 12
   	field Pomacle
     map FRANCE_MAP
     date 1918-07-24
     side France
Badly placed squadron Esc 31
   	field Boncourt
     map FRANCE_MAP
     date 1918-11-10
     side Germany
Badly placed squadron Esc 37
   	field Stenay
     map FRANCE_MAP
     date 1918-11-10
     side Germany
Badly placed squadron Jasta 6
   	field Epinoy,NW Cambrai
     map FRANCE_MAP
     date 1918-03-20
     side France
Badly placed squadron Jasta 4
   	field Douai
     map FRANCE_MAP
     date 1917-11-20
     side France
Badly placed squadron Esc 13
   	field Guisecourt(Guzancourt)
     map FRANCE_MAP
     date 1918-11-10
     side Germany
Badly placed squadron Schlasta 2
   	field Balatre,E Roye
     map FRANCE_MAP
     date 1918-10-04
     side France
Badly placed squadron Esc 48
   	field Leffincourt,E Reims
     map FRANCE_MAP
     date 1918-11-10
     side Germany
Badly placed squadron Jasta 18
   	field Houplin,S Lille
     map FRANCE_MAP
     date 1917-12-13
     side France
Badly placed squadron No 2 Squadron AFC
   	field Houplin,S Lille
     map FRANCE_MAP
     date 1918-11-10
     side Germany
Badly placed squadron Esc 15
   	field Julvecourt
     map FRANCE_MAP
     date 1918-10-24
     side Germany
Badly placed squadron Jasta 6
   	field Puisieux Ferme,Laon
     map FRANCE_MAP
     date 1918-08-09
     side France
Badly placed squadron FA 23
   	field Busigny
     map FRANCE_MAP
     date 1918-11-04
     side France
Badly placed squadron Esc 40
   	field Belrain
     map FRANCE_MAP
     date 1917-07-08
     side Germany
Badly placed squadron Esc 67
   	field Beauze sur Aire
     map FRANCE_MAP
     date 1918-03-06
     side Germany
Badly placed squadron Jasta 60
   	field Champien
     map FRANCE_MAP
     date 1918-05-27
     side France
Badly placed squadron Schlasta 15
   	field Guisecourt(Guzancourt)
     map FRANCE_MAP
     date 1918-04-02
     side France
Badly placed squadron Esc 8
   	field Vadelaincourt
     map FRANCE_MAP
     date 1917-01-31
     side Germany
Badly placed squadron Jasta 27
   	field Vivaise
     map FRANCE_MAP
     date 1918-07-29
     side France
Badly placed squadron Jasta 28w
   	field Mesnil-Bruntel
     map FRANCE_MAP
     date 1918-10-12
     side France
Badly placed squadron Jasta 17
   	field Vivaise
     map FRANCE_MAP
     date 1918-09-25
     side France
Badly placed squadron Esc 124 Lafayette
   	field Chassonge Ferme,Stenay/Verdun
     map FRANCE_MAP
     date 1918-11-09
     side Germany
Badly placed squadron No 1 Squadron RNAS
   	field Guesnain,Douai
     map FRANCE_MAP
     date 1918-11-09
     side Germany
Badly placed squadron Esc 21
   	field Puisieux Ferme,Laon
     map FRANCE_MAP
     date 1918-11-10
     side Germany
Badly placed squadron Jasta 13
   	field Moislains
     map FRANCE_MAP
     date 1918-04-03
     side France
Badly placed squadron Esc 94
   	field Erize la Petite
     map FRANCE_MAP
     date 1918-09-21
     side Germany
Badly placed squadron Esc 102
   	field Lemmes
     map FRANCE_MAP
     date 1918-09-08
     side Germany
Badly placed squadron Jasta 6
   	field Lomme,Lille
     map FRANCE_MAP
     date 1918-04-28
     side France
Badly placed squadron Esc 78
   	field Souilly
     map FRANCE_MAP
     date 1918-01-19
     side Germany
Badly placed squadron Esc 85
   	field Malzeville
     map FRANCE_MAP
     date 1918-09-23
     side Germany
Badly placed squadron 95th Aero
   	field Sivry
     map FRANCE_MAP
     date 1918-11-10
     side Germany
Badly placed squadron Jasta 17
   	field La Selve
     map FRANCE_MAP
     date 1918-10-09
     side France
Badly placed squadron Schlasta 12
   	field Pronville,nr Queant
     map FRANCE_MAP
     date 1918-03-25
     side France
Badly placed squadron Jasta 15
   	field Neuflize
     map FRANCE_MAP
     date 1918-09-04
     side France
Badly placed squadron Esc 84
   	field Froides
     map FRANCE_MAP
     date 1918-10-24
     side Germany
Badly placed squadron Jasta 46
   	field Fontaine-Uterte
     map FRANCE_MAP
     date 1918-11-09
     side France
Badly placed squadron FA 16
   	field Hermies,Cambrai
     map FRANCE_MAP
     date 1916-08-11
     side France
Badly placed squadron Esc 129
   	field Besny-et-Loisy
     map FRANCE_MAP
     date 1918-11-10
     side Germany
Badly placed squadron Schlasta 13
   	field Hermies,Cambrai
     map FRANCE_MAP
     date 1918-04-08
     side France
Badly placed squadron Jasta 12
   	field Neuflize
     map FRANCE_MAP
     date 1918-09-04
[...]
     side France
Badly placed squadron No 2 Squadron RFC
   	field Pronville,nr Queant
     map FRANCE_MAP
     date 1918-11-10
     side Germany
Badly placed squadron Esc 73
   	field Marchais
     map FRANCE_MAP
     date 1918-11-10
     side Germany
Badly placed squadron FA 276
   	field Mouchin
     map FRANCE_MAP
     date 1918-11-04
     side France
Badly placed squadron Esc 95
   	field Marchais
     map FRANCE_MAP
     date 1918-11-10
     side Germany
Badly placed squadron Jasta 4
   	field Besny-et-Loisy
     map FRANCE_MAP
     date 1918-05-25
     side France
Badly placed squadron FA 276
   	field Moislains
     map FRANCE_MAP
     date 1917-05-01
     side France
Badly placed squadron Esc 111
   	field Julvecourt
     map FRANCE_MAP
     date 1916-12-31
     side Germany
Badly placed squadron Esc 111
   	field Giromancy
     map FRANCE_MAP
     date 1917-09-30
     side Germany
Badly placed squadron FA 293b
   	field Pronville,nr Queant
     map FRANCE_MAP
     date 1918-03-25
     side France
Badly placed squadron Schlasta 2
   	field Eppeville
     map FRANCE_MAP
     date 1916-11-20
     side France
Badly placed squadron Jasta 11
   	field Villers Bretonneux
     map FRANCE_MAP
     date 1918-09-24
     side France
Badly placed squadron Esc 122
   	field Lemmes
     map FRANCE_MAP
     date 1918-11-10
     side Germany
Badly placed squadron No 4 Squadron AFC
   	field Beaucamp
     map FRANCE_MAP
     date 1918-10-24
     side Germany
Badly placed squadron Jasta 27
   	field Douai
     map FRANCE_MAP
     date 1918-09-24
     side France
Badly placed squadron No 40 Squadron RFC
   	field Erchin
     map FRANCE_MAP
     date 1918-11-10
     side Germany
Badly placed squadron Esc 13
   	field Lemmes
     map FRANCE_MAP
     date 1917-06-30
     side Germany
Badly placed squadron No 9 Squadron RNAS
   	field Epinoy,NW Cambrai
     map FRANCE_MAP
     date 1918-11-09
     side Germany
Badly placed squadron 1st Aero
   	field Froides
     map FRANCE_MAP
     date 1918-10-24
     side Germany
Badly placed squadron Jasta 43
   	field La Neuville
     map FRANCE_MAP
     date 1918-08-22
     side France
Badly placed squadron No 9 Squadron RNAS
   	field Riencourt,Arras
     map FRANCE_MAP
     date 1918-10-24
     side Germany
Badly placed squadron Esc 95
   	field Brabant en Argonne
     map FRANCE_MAP
     date 1917-10-03
     side Germany
Badly placed squadron Esc 107
   	field Souilly
     map FRANCE_MAP
     date 1918-10-23
     side Germany
Badly placed squadron Jasta 28w
   	field Foucaucourt en Santerre
     map FRANCE_MAP
     date 1918-10-04
     side France
Badly placed squadron Jasta 4
   	field Lomme,Lille
     map FRANCE_MAP
     date 1917-07-01
     side France
Badly placed squadron Esc 94
   	field Froides
     map FRANCE_MAP
     date 1918-07-17
     side Germany
Badly placed squadron Jasta 6
   	field Villeselve
     map FRANCE_MAP
     date 1917-03-19
     side France
Badly placed squadron FA 216w
   	field Vivaise
     map FRANCE_MAP
     date 1918-07-29
     side France
Badly placed squadron Jasta 22s
   	field Villeselve
     map FRANCE_MAP
     date 1918-10-14
     side France
Badly placed squadron Esc 103
   	field Beauze sur Aire
     map FRANCE_MAP
     date 1918-03-06
     side Germany
Badly placed squadron Jasta 28w
   	field Douai
     map FRANCE_MAP
     date 1918-06-05
     side France
Badly placed squadron 147th Aero
   	field Verdun
     map FRANCE_MAP
     date 1918-11-10
     side Germany
Badly placed squadron Esc 45
   	field Cuirieux,Laon
     map FRANCE_MAP
     date 1918-11-10
     side Germany
Badly placed squadron Jasta 32b
   	field Sissonne
     map FRANCE_MAP
     date 1917-09-21
     side France
Badly placed squadron No 23 Squadron RFC
   	field Proville,Cambrai
     map FRANCE_MAP
     date 1918-11-09
     side Germany
Badly placed squadron Esc 67
   	field Froides
     map FRANCE_MAP
     date 1918-09-17
     side Germany
Badly placed squadron Esc 91
   	field Brabant en Argonne
     map FRANCE_MAP
     date 1917-04-17
     side Germany
Badly placed squadron Jasta 56
   	field Mons-en-Chaussee
     map FRANCE_MAP
     date 1918-04-10
     side France
Badly placed squadron Esc 108
   	field Froides
     map FRANCE_MAP
     date 1918-09-23
     side Germany
Badly placed squadron Jasta 6
   	field Beaucamp
     map FRANCE_MAP
     date 1918-05-20
     side France
Badly placed squadron No 52 Squadron RFC
   	field Savy Berlette
     map FRANCE_MAP
     date 1918-10-14
     side Germany
Badly placed squadron No 2 Squadron AFC
   	field Beaucamp
     map FRANCE_MAP
     date 1918-10-24
     side Germany
Badly placed squadron Jasta 50
   	field Sissonne
     map FRANCE_MAP
     date 1918-09-22
     side France
Badly placed squadron 94th Aero
   	field Brabant en Argonne
     map FRANCE_MAP
     date 1918-10-24
     side Germany
Badly placed squadron Schlasta 13
   	field Vivaise
     map FRANCE_MAP
     date 1918-07-29
     side France
Badly placed squadron Jasta 11
   	field Foucaucourt en Santerre
     map FRANCE_MAP
     date 1918-09-27
     side France
Badly placed squadron Jasta 12
   	field Roucourt, Bohain
     map FRANCE_MAP
     date 1918-02-02
     side France
Badly placed squadron Jasta 4
   	field Cachy-Bois I_Abbe
     map FRANCE_MAP
     date 1918-04-11
     side France
Badly placed squadron Jasta 34b
   	field Warfusee
     map FRANCE_MAP
     date 1918-07-31
     side France
Badly placed squadron Jasta 2
   	field Pronville,nr Queant
     map FRANCE_MAP
     date 1918-03-25
     side France
Badly placed squadron Esc 99
   	field Sivry
     map FRANCE_MAP
     date 1918-10-31
     side Germany
Badly placed squadron Schlasta 23b
   	field Ugny-l_Equipee
     map FRANCE_MAP
     date 1918-04-03
     side France
Badly placed squadron No 56 Squadron RFC
   	field Brayelles,Douai
     map FRANCE_MAP
     date 1918-11-09
     side Germany
Badly placed squadron 1st Aero
   	field Toul
     map FRANCE_MAP
     date 1918-09-19
     side Germany
Badly placed squadron Esc 77
   	field Brabant en Argonne
     map FRANCE_MAP
     date 1917-05-14
     side Germany
Badly placed squadron Esc 102
   	field Souilly
     map FRANCE_MAP
     date 1916-07-15
     side Germany
Badly placed squadron Jasta 3
   	field Velu
     map FRANCE_MAP
     date 1918-09-06
     side France
Badly placed squadron Esc 94
   	field Neuflize
     map FRANCE_MAP
     date 1918-11-10
     side Germany
Badly placed squadron Jasta 6
   	field Mesnil le Petit
     map FRANCE_MAP
     date 1918-04-03
     side France
Badly placed squadron Jasta 21s
   	field Neuflize
     map FRANCE_MAP
     date 1917-07-01
     side France
Badly placed squadron Jasta 37
   	field Mons-en-Chaussee
     map FRANCE_MAP
     date 1918-04-03
     side France
Badly placed squadron No 22 Squadron RFC
   	field La Neuville
     map FRANCE_MAP
     date 1918-11-10
     side Germany
Badly placed squadron Esc 73
   	field Malzeville
     map FRANCE_MAP
     date 1918-10-09
     side Germany
Badly placed squadron No 79 Squadron RFC
   	field Beaucamp
     map FRANCE_MAP
     date 1918-10-24
     side Germany
Badly placed squadron Jasta 29
   	field Lagnicourt
     map FRANCE_MAP
     date 1918-09-24
     side France
Badly placed squadron Jasta 36
   	field St.Loup,Champagne
     map FRANCE_MAP
     date 1917-06-18
     side France
Badly placed squadron Jasta 16b
   	field Besny-et-Loisy
     map FRANCE_MAP
     date 1917-11-23
     side France
Badly placed squadron No 60 Squadron RFC
   	field Proville,Cambrai
     map FRANCE_MAP
     date 1918-11-10
     side Germany
Badly placed squadron Jasta 22s
   	field Mons-en-Chaussee
     map FRANCE_MAP
     date 1918-03-29
     side France
Badly placed squadron Esc 13
   	field Julvecourt
     map FRANCE_MAP
     date 1916-08-27
     side Germany
Badly placed squadron Jasta 76b
   	field Douai
     map FRANCE_MAP
     date 1918-03-04
     side France
Badly placed squadron Jasta 26
   	field Epinoy,NW Cambrai
     map FRANCE_MAP
     date 1918-03-25
     side France
Badly placed squadron 27th Aero
   	field Souilly
     map FRANCE_MAP
     date 1918-10-14
     side Germany
Badly placed squadron Esc 67
   	field La Selve
     map FRANCE_MAP
     date 1918-11-10
     side Germany
Badly placed squadron Jasta 57
   	field Neuflize
     map FRANCE_MAP
     date 1918-08-21
     side France
Badly placed squadron Jasta 66
   	field Pomacle
     map FRANCE_MAP
     date 1918-07-29
     side France
Badly placed squadron Jasta 23b
   	field Velu
     map FRANCE_MAP
     date 1918-04-17
     side France
Badly placed squadron Jasta 37
   	field Balatre,E Roye
     map FRANCE_MAP
     date 1918-08-11
     side France
Badly placed squadron No 56 Squadron RFC
   	field Erre,Somain
     map FRANCE_MAP
     date 1918-11-10
     side Germany
Badly placed squadron FA 222
   	field Hermies,Cambrai
     map FRANCE_MAP
     date 1918-03-20
     side France
Badly placed squadron Jasta 21s
   	field Fontaine-Uterte
     map FRANCE_MAP
     date 1918-11-09
     side France
Badly placed squadron Jasta 34b
   	field Mesnil St George
     map FRANCE_MAP
     date 1918-04-03
     side France
Badly placed squadron FA 44
   	field Chery-les-Pouilly,N
     map FRANCE_MAP
     date 1917-11-12
     side France
Badly placed squadron Jasta 46
   	field Assevillers
     map FRANCE_MAP
     date 1918-10-04
     side France
Badly placed squadron FA 19
   	field La Petrie
     map FRANCE_MAP
     date 1918-08-14
     side France
Badly placed squadron No 46 Squadron RFC
   	field Gonnelieu,Cambrai
     map FRANCE_MAP
     date 1918-11-10
     side Germany
Badly placed squadron Jasta 74
   	field Neuflize
     map FRANCE_MAP
     date 1918-09-14
     side France
Badly placed squadron Esc 37
   	field Julvecourt
     map FRANCE_MAP
     date 1917-09-20
     side Germany
Badly placed squadron Schlasta 23b
   	field Bohain
     map FRANCE_MAP
     date 1918-11-04
     side France
Badly placed squadron Esc 40
   	field Lemmes
     map FRANCE_MAP
     date 1916-07-28
     side Germany
Badly placed squadron FA 46b
   	field Lagnicourt
     map FRANCE_MAP
     date 1917-07-11
     side France
Badly placed squadron Jasta 26
   	field Beugnatre
     map FRANCE_MAP
     date 1918-04-10
     side France
Badly placed squadron Jasta 26
   	field Erchin
     map FRANCE_MAP
     date 1918-11-04
     side France
Badly placed squadron Jasta 34b
   	field Cachy-Bois I_Abbe
     map FRANCE_MAP
     date 1918-08-10
     side France
Badly placed squadron Esc 94
   	field Lemmes
     map FRANCE_MAP
     date 1917-05-31
     side Germany
Badly placed squadron Esc 81
   	field Beauze sur Aire
     map FRANCE_MAP
     date 1917-04-17
     side Germany
Badly placed squadron Jasta 33
   	field Lagnicourt
     map FRANCE_MAP
     date 1918-04-11
     side France
Badly placed squadron Jasta 22s
   	field Riencourt,Arras
     map FRANCE_MAP
     date 1918-07-10
     side France
Badly placed squadron Jasta 78b
   	field Masny
     map FRANCE_MAP
     date 1918-11-04
     side France
Badly placed squadron Esc 68
   	field Brabant en Argonne
     map FRANCE_MAP
     date 1918-09-15
     side Germany
Badly placed squadron Esc 70
   	field Souilly
     map FRANCE_MAP
     date 1918-03-23
     side Germany
Badly placed squadron Jasta 37
   	field La Neuville
     map FRANCE_MAP
     date 1918-09-02
     side France
Badly placed squadron Esc 65
   	field Lemmes
     map FRANCE_MAP
     date 1917-01-18
     side Germany
Badly placed squadron 88th Aero
   	field Vadelaincourt
     map FRANCE_MAP
     date 1918-11-10
     side Germany
Badly placed squadron 22nd Aero
   	field Sivry
     map FRANCE_MAP
     date 1918-11-10
     side Germany
Badly placed squadron Esc 107
   	field Liesse
     map FRANCE_MAP
     date 1918-11-10
     side Germany
Badly placed squadron Jasta 7
   	field Helesmes,N Denain
     map FRANCE_MAP
     date 1918-11-04
     side France
Badly placed squadron Schlasta 15
   	field Pont-a-Marcq
     map FRANCE_MAP
     date 1918-03-20
     side France
Badly placed squadron Jasta 37
   	field Baizieux 2
     map FRANCE_MAP
     date 1918-08-10
     side France
Badly placed squadron Jasta 15
   	field Cappy S
     map FRANCE_MAP
     date 1918-07-12
     side France
Badly placed squadron Esc 65
   	field Malzeville
     map FRANCE_MAP
     date 1916-02-25
     side Germany
Badly placed squadron Esc 96
   	field Souilly
     map FRANCE_MAP
     date 1918-07-04
     side Germany
Badly placed squadron Jasta 11
   	field Mesnil-Bruntel
     map FRANCE_MAP
     date 1918-04-03
     side France
Badly placed squadron 1st Aero
   	field Brabant en Argonne
     map FRANCE_MAP
     date 1918-11-09
     side Germany
Badly placed squadron Esc 70
   	field Brabant en Argonne
     map FRANCE_MAP
     date 1917-05-21
     side Germany
Badly placed squadron Esc 34
   	field Souilly
     map FRANCE_MAP
     date 1917-01-20
     side Germany
Badly placed squadron FA 16
   	field Chambry,Laon
     map FRANCE_MAP
     date 1918-08-24
     side France
Badly placed squadron No 49 Squadron RFC
   	field Le Hameau
     map FRANCE_MAP
     date 1918-10-14
     side Germany
Badly placed squadron Jasta 12
   	field Mesnil-Bruntel
     map FRANCE_MAP
     date 1918-04-03
     side France
Badly placed squadron Esc 37
   	field Lemmes
     map FRANCE_MAP
     date 1916-03-06
     side Germany
Badly placed squadron Jasta 15
   	field Besny-et-Loisy
     map FRANCE_MAP
     date 1918-03-23
     side France
Badly placed squadron Esc 111
   	field Besny-et-Loisy
     map FRANCE_MAP
     date 1918-11-10
     side Germany
Badly placed squadron Schlasta 12
   	field Epinoy,NW Cambrai
     map FRANCE_MAP
     date 1918-04-03
     side France
Badly placed squadron Jasta 3
   	field Houplin,S Lille
     map FRANCE_MAP
     date 1917-09-11
     side France
Badly placed squadron Esc 9
   	field Brabant en Argonne
     map FRANCE_MAP
     date 1918-11-09
     side Germany
Badly placed squadron Esc 15
   	field Chery-les-Pouilly,S
     map FRANCE_MAP
     date 1918-11-10
     side Germany
Badly placed squadron FA 281
   	field Boncourt
     map FRANCE_MAP
     date 1918-11-04
     side France
Badly placed squadron Jasta 37
   	field Lagnicourt
     map FRANCE_MAP
     date 1917-08-05
     side France
Badly placed squadron Schlasta 23b
   	field La Ferte Ferriere
     map FRANCE_MAP
     date 1918-11-09
     side France
Badly placed squadron No 25 Squadron RFC
   	field Epinoy,NW Cambrai
     map FRANCE_MAP
     date 1918-11-10
     side Germany
Badly placed squadron Esc 19
   	field Froides
     map FRANCE_MAP
     date 1918-03-09
     side Germany
Badly placed squadron Esc 112
   	field Toul
     map FRANCE_MAP
     date 1918-10-24
     side Germany
Badly placed squadron No 25 Squadron RFC
   	field Filescamp Ferme
     map FRANCE_MAP
     date 1918-10-14
     side Germany
Badly placed squadron FA 7
   	field Iwuy
     map FRANCE_MAP
     date 1918-11-04
     side France
Badly placed squadron Jasta 60
   	field Neuflize
     map FRANCE_MAP
     date 1918-10-04
     side France
Badly placed squadron No 48 Squadron RFC
   	field Filescamp Ferme
     map FRANCE_MAP
     date 1918-09-29
     side Germany
Badly placed squadron Jasta 50
   	field Marchais
     map FRANCE_MAP
     date 1918-08-20
     side France
Badly placed squadron FA 18
   	field Liesse
     map FRANCE_MAP
     date 1917-11-14
     side France
Badly placed squadron FA 44
   	field St.Loup,Champagne
     map FRANCE_MAP
     date 1918-09-02
     side France
Badly placed squadron Jasta 36
   	field Halluin
     map FRANCE_MAP
     date 1918-11-04
     side France
Badly placed squadron Jasta 33
   	field Menin
     map FRANCE_MAP
     date 1917-10-16
     side France
Badly placed squadron Jasta 66
   	field Fontaine Notre Dame
     map FRANCE_MAP
     date 1918-11-10
     side France
Badly placed squadron Esc 89
   	field Balatre,E Roye
     map FRANCE_MAP
     date 1918-03-27
     side Germany
Badly placed squadron Jasta 37
   	field St. Marguerite
     map FRANCE_MAP
     date 1918-03-15
     side France
Badly placed squadron Jasta 28w
   	field Halluin
     map FRANCE_MAP
     date 1918-03-01
     side France
Badly placed squadron Esc 100
   	field Champien
     map FRANCE_MAP
     date 1918-04-03
     side Germany
Badly placed squadron No 54 Squadron RFC
   	field Assevillers
     map FRANCE_MAP
     date 1918-03-27
     side Germany
Badly placed squadron No 45 Squadron RFC
   	field Assevillers
     map FRANCE_MAP
     date 1918-04-03
     side Germany
Badly placed squadron Jasta 56
   	field Abeele (West)
     map FRANCE_MAP
     date 1918-09-24
     side France
Badly placed squadron Jasta 10
   	field Menin
     map FRANCE_MAP
     date 1917-07-01
     side France
Badly placed squadron Jasta 28w
   	field St. Marguerite
     map FRANCE_MAP
     date 1918-03-29
     side France
Badly placed squadron Esc 84
   	field Balatre,E Roye
     map FRANCE_MAP
     date 1918-04-03
     side Germany
Badly placed squadron Jasta 2
   	field Bisseghem
     map FRANCE_MAP
     date 1918-11-04
     side France
Badly placed squadron FA 210
   	field Bavichove
     map FRANCE_MAP
     date 1918-11-09
     side France
Badly placed squadron Jasta 8
   	field St. Marguerite
     map FRANCE_MAP
     date 1917-09-30
     side France
Badly placed squadron Esc 57
   	field Champien
     map FRANCE_MAP
     date 1918-04-03
     side Germany
Badly placed squadron Jasta 40s
   	field St. Marguerite
     map FRANCE_MAP
     date 1918-10-09
     side France
Badly placed squadron Esc 65
   	field Champien
     map FRANCE_MAP
     date 1918-04-03
     side Germany
Badly placed squadron No 23 Squadron RFC
   	field Cappy S
     map FRANCE_MAP
     date 1918-03-27
     side Germany
Badly placed squadron Jasta 40s
   	field Heule
     map FRANCE_MAP
     date 1918-11-09
     side France
Badly placed squadron Esc 73
   	field Foucaucourt en Santerre
     map FRANCE_MAP
     date 1918-04-03
     side Germany
Badly placed squadron Esc 77
   	field Champien
     map FRANCE_MAP
     date 1918-04-03
     side Germany
Badly placed squadron No 79 Squadron RFC
   	field Cappy S
     map FRANCE_MAP
     date 1918-03-31
     side Germany
Badly placed squadron FA 261
   	field Menin
     map FRANCE_MAP
     date 1917-04-30
     side France
Badly placed squadron Esc 112
   	field Foucaucourt en Santerre
     map FRANCE_MAP
     date 1918-04-03
     side Germany
Badly placed squadron Esc 15
   	field Foucaucourt en Santerre
     map FRANCE_MAP
     date 1918-04-03
     side Germany
Badly placed squadron Esc 81
   	field Foucaucourt en Santerre
     map FRANCE_MAP
     date 1918-04-03
     side Germany
Badly placed squadron FA 210
   	field Halluin
     map FRANCE_MAP
     date 1918-11-04
     side France
Badly placed squadron No 70 Squadron RFC
   	field Assevillers
     map FRANCE_MAP
     date 1918-03-27
     side Germany
Badly placed squadron No 56 Squadron RFC
   	field Cappy N
     map FRANCE_MAP
     date 1918-04-03
     side Germany
Badly placed squadron Jasta 7
   	field St. Marguerite
     map FRANCE_MAP
     date 1918-04-27
     side France
Badly placed squadron FA 19
   	field Menin
     map FRANCE_MAP
     date 1918-10-24
     side France
Badly placed squadron Jasta 29
   	field Menin
     map FRANCE_MAP
     date 1917-09-13
     side France
Badly placed squadron Jasta 44s
   	field Harlebeeke
     map FRANCE_MAP
     date 1918-11-10
     side France
Badly placed squadron Esc 12
   	field Balatre,E Roye
     map FRANCE_MAP
     date 1918-04-03
     side Germany
Badly placed squadron Jasta 36
   	field St. Marguerite
     map FRANCE_MAP
     date 1918-10-24
     side France
Badly placed squadron Jasta 26
   	field Menin
     map FRANCE_MAP
     date 1918-02-10
     side France
Badly placed squadron Jasta 26
   	field St. Marguerite
     map FRANCE_MAP
     date 1918-04-28
     side France
]]></system-out>
  <system-err><![CDATA[]]></system-err>
</testsuite>
