<?xml version="1.0" encoding="UTF-8"?>
<testsuite name="pwcg.aar.phase1.parser.AARMostRecentFinderTest" tests="2" skipped="0" failures="0" errors="0" timestamp="2017-09-10T23:49:05" hostname="DigitalStorm-PC" time="0.001">
  <properties/>
  <testcase name="testGetLatestMissionLogSetNotFound" classname="pwcg.aar.phase1.parser.AARMostRecentFinderTest" time="0.0"/>
  <testcase name="testGetLatestMissionLogSet" classname="pwcg.aar.phase1.parser.AARMostRecentFinderTest" time="0.001"/>
  <system-out><![CDATA[]]></system-out>
  <system-err><![CDATA[]]></system-err>
</testsuite>
